2025-04-27 19:57:10,563 [INFO] Activator:176 - 


2025-04-27 19:57:10,569 [INFO] Activator:177 - !SESSION log4j initialized
2025-04-27 19:57:16,224 [INFO] LogOutputStream:77 - [STDOUT_REDIRECT] 
2025-04-27 19:57:18,692 [INFO] ApplicationProperties:184 - Using Application install path: C:\ST\STM32CubeIDE_1.18.0\STM32CubeIDE\plugins\com.st.stm32cube.common.mx_6.14.0.202502271554
2025-04-27 19:57:18,714 [INFO] DbMcusXml:78 - Set database path to: C:\ST\STM32CubeIDE_1.18.0\STM32CubeIDE\plugins\com.st.stm32cube.common.mx_6.14.0.202502271554\\db\/mcu/
2025-04-27 19:57:18,715 [INFO] ApiDb:274 - Set plugin database path to: C:\ST\STM32CubeIDE_1.18.0\STM32CubeIDE\plugins\com.st.stm32cube.common.mx_6.14.0.202502271554\\db\/plugins/boardmanager/
2025-04-27 19:57:18,715 [WARN] ApiDb:259 - Overriding images path with different value:  => C:\ST\STM32CubeIDE_1.18.0\STM32CubeIDE\plugins\com.st.stm32cube.common.mx_6.14.0.202502271554\\db\/plugins/mcufinder/images/
2025-04-27 19:57:18,723 [INFO] ApiDb:250 - Set database path to: C:\Users\ADMIN\.stmcufinder\plugins\mcufinder//mcu/
2025-04-27 19:57:18,724 [INFO] DbMcusAds:125 - Set database path to: C:\Users\ADMIN\.stmcufinder\plugins\mcufinder//mcu/
2025-04-27 19:57:19,648 [INFO] CrossReferenceDbSqlite:203 - Set database path to: C:\Users\ADMIN\.stmcufinder\plugins\mcufinder//mcu/cs/
2025-04-27 19:57:19,767 [INFO] RulesReader:64 - Compatibility file has been processed (301 Rules)
2025-04-27 19:57:19,846 [INFO] DbMcusXml:78 - Set database path to: C:\ST\STM32CubeIDE_1.18.0\STM32CubeIDE\plugins\com.st.stm32cube.common.mx_6.14.0.202502271554\\db\/mcu/
2025-04-27 19:57:19,846 [INFO] ApiDb:274 - Set plugin database path to: C:\ST\STM32CubeIDE_1.18.0\STM32CubeIDE\plugins\com.st.stm32cube.common.mx_6.14.0.202502271554\\db\/plugins/boardmanager/
2025-04-27 19:57:19,846 [INFO] ApiDb:261 - Set plugin images path to: C:\ST\STM32CubeIDE_1.18.0\STM32CubeIDE\plugins\com.st.stm32cube.common.mx_6.14.0.202502271554\\db\/plugins/mcufinder/images/
2025-04-27 19:57:19,847 [WARN] DbFile:41 - Overriding database path with different value: C:\Users\ADMIN\.stmcufinder\plugins\mcufinder/ => C:\Users\ADMIN\.stmcufinder\plugins\mcufinder
2025-04-27 19:57:19,847 [INFO] ApiDb:250 - Set database path to: C:\Users\ADMIN\.stmcufinder\plugins\mcufinder//mcu/
2025-04-27 19:57:19,847 [WARN] DbFile:41 - Overriding database path with different value: C:\Users\ADMIN\.stmcufinder\plugins\mcufinder/ => C:\Users\ADMIN\.stmcufinder\plugins\mcufinder
2025-04-27 19:57:19,847 [INFO] DbMcusAds:125 - Set database path to: C:\Users\ADMIN\.stmcufinder\plugins\mcufinder//mcu/
2025-04-27 19:57:19,847 [WARN] DbFile:41 - Overriding database path with different value: C:\Users\ADMIN\.stmcufinder\plugins\mcufinder/ => C:\Users\ADMIN\.stmcufinder\plugins\mcufinder
2025-04-27 19:57:19,847 [WARN] DbFile:41 - Overriding database path with different value: C:\Users\ADMIN\.stmcufinder\plugins\mcufinder/ => C:\Users\ADMIN\.stmcufinder\plugins\mcufinder
2025-04-27 19:57:20,649 [INFO] CrossReferenceDbSqlite:203 - Set database path to: C:\Users\ADMIN\.stmcufinder\plugins\mcufinder//mcu/cs/
2025-04-27 19:57:20,737 [INFO] MainPanel:272 - HeapMemory: 268435456
2025-04-27 19:57:20,855 [INFO] DbMcusXml:78 - Set database path to: C:\ST\STM32CubeIDE_1.18.0\STM32CubeIDE\plugins\com.st.stm32cube.common.mx_6.14.0.202502271554\\db\/mcu/
2025-04-27 19:57:20,855 [INFO] ApiDb:274 - Set plugin database path to: C:\ST\STM32CubeIDE_1.18.0\STM32CubeIDE\plugins\com.st.stm32cube.common.mx_6.14.0.202502271554\\db\/plugins/boardmanager/
2025-04-27 19:57:20,855 [INFO] ApiDb:261 - Set plugin images path to: C:\ST\STM32CubeIDE_1.18.0\STM32CubeIDE\plugins\com.st.stm32cube.common.mx_6.14.0.202502271554\\db\/plugins/mcufinder/images/
2025-04-27 19:57:20,855 [WARN] DbFile:41 - Overriding database path with different value: C:\Users\ADMIN\.stmcufinder\plugins\mcufinder/ => C:\Users\ADMIN\.stmcufinder\plugins\mcufinder
2025-04-27 19:57:20,855 [INFO] ApiDb:250 - Set database path to: C:\Users\ADMIN\.stmcufinder\plugins\mcufinder//mcu/
2025-04-27 19:57:20,855 [WARN] DbFile:41 - Overriding database path with different value: C:\Users\ADMIN\.stmcufinder\plugins\mcufinder/ => C:\Users\ADMIN\.stmcufinder\plugins\mcufinder
2025-04-27 19:57:20,855 [INFO] DbMcusAds:125 - Set database path to: C:\Users\ADMIN\.stmcufinder\plugins\mcufinder//mcu/
2025-04-27 19:57:20,856 [WARN] DbFile:41 - Overriding database path with different value: C:\Users\ADMIN\.stmcufinder\plugins\mcufinder/ => C:\Users\ADMIN\.stmcufinder\plugins\mcufinder
2025-04-27 19:57:20,856 [WARN] DbFile:41 - Overriding database path with different value: C:\Users\ADMIN\.stmcufinder\plugins\mcufinder/ => C:\Users\ADMIN\.stmcufinder\plugins\mcufinder
2025-04-27 19:57:21,648 [INFO] CrossReferenceDbSqlite:203 - Set database path to: C:\Users\ADMIN\.stmcufinder\plugins\mcufinder//mcu/cs/
2025-04-27 19:57:21,669 [INFO] ApplicationProperties:184 - Using Application install path: C:\ST\STM32CubeIDE_1.18.0\STM32CubeIDE\plugins\com.st.stm32cube.common.mx_6.14.0.202502271554
2025-04-27 19:57:21,670 [INFO] PluginManage:196 - Search for loadable plugins [exclusion list=, ]
2025-04-27 19:57:21,672 [INFO] PluginManage:310 - Check plugin analytics
2025-04-27 19:57:22,700 [INFO] AnalyticsPlugin:253 - Accepted Software Licenses: 
2025-04-27 19:57:22,700 [INFO] AnalyticsPlugin:255 - Accepted CMSIS Pack Licenses: 
2025-04-27 19:57:22,700 [INFO] AnalyticsPlugin:257 - Accepted Firmware Licenses: FW.F4.1.28.0
2025-04-27 19:57:22,701 [INFO] PluginManage:359 - Loaded plugin analytics (category:tool,tabindex:-1)
2025-04-27 19:57:22,701 [INFO] PluginManage:310 - Check plugin cadmodel
2025-04-27 19:57:22,720 [INFO] CADModel:105 - Init CAD model plugin
2025-04-27 19:57:22,720 [INFO] PluginManage:359 - Loaded plugin cadmodel (category:power,tabindex:5)
2025-04-27 19:57:22,720 [INFO] PluginManage:310 - Check plugin clock
2025-04-27 19:57:22,740 [INFO] PluginManage:359 - Loaded plugin clock (category:base,tabindex:2)
2025-04-27 19:57:22,741 [INFO] PluginManage:310 - Check plugin ddr
2025-04-27 19:57:22,742 [INFO] PluginManage:359 - Loaded plugin ddr (category:tool,tabindex:6)
2025-04-27 19:57:22,742 [INFO] PluginManage:310 - Check plugin filemanager
2025-04-27 19:57:22,892 [INFO] PluginManage:359 - Loaded plugin filemanager (category:base,tabindex:10)
2025-04-27 19:57:22,893 [INFO] PluginManage:310 - Check plugin ipmanager
2025-04-27 19:57:22,898 [INFO] PluginManage:359 - Loaded plugin ipmanager (category:base,tabindex:5)
2025-04-27 19:57:22,899 [INFO] PluginManage:310 - Check plugin lpbam
2025-04-27 19:57:22,917 [INFO] PluginManage:359 - Loaded plugin lpbam (category:base,tabindex:0)
2025-04-27 19:57:22,917 [INFO] PluginManage:310 - Check plugin memorymap
2025-04-27 19:57:22,944 [INFO] PluginManage:359 - Loaded plugin memorymap (category:base,tabindex:4)
2025-04-27 19:57:22,944 [INFO] PluginManage:310 - Check plugin pinoutandconfiguration
2025-04-27 19:57:22,962 [INFO] PluginManage:359 - Loaded plugin pinoutandconfiguration (category:base,tabindex:1)
2025-04-27 19:57:22,962 [INFO] PluginManage:310 - Check plugin pinoutconfig
2025-04-27 19:57:23,055 [WARN] SupportedApi:132 - Cannot load RTOS API schema: s4s-elt-must-match.1: The content of 'definitions' must match (annotation?, (simpleType | complexType)?, (unique | key | keyref)*)). A problem was found starting at: attribute.
2025-04-27 19:57:23,168 [INFO] PluginManage:359 - Loaded plugin pinoutconfig (category:base,tabindex:0)
2025-04-27 19:57:23,169 [INFO] PluginManage:310 - Check plugin power
2025-04-27 19:57:23,188 [INFO] PluginManage:359 - Loaded plugin power (category:power,tabindex:4)
2025-04-27 19:57:23,188 [INFO] PluginManage:310 - Check plugin projectmanager
2025-04-27 19:57:23,199 [INFO] PluginManage:359 - Loaded plugin projectmanager (category:projectmanager,tabindex:4)
2025-04-27 19:57:23,199 [INFO] PluginManage:310 - Check plugin rif
2025-04-27 19:57:23,217 [INFO] PluginManage:359 - Loaded plugin rif (category:base,tabindex:3)
2025-04-27 19:57:23,217 [INFO] PluginManage:310 - Check plugin thirdparty
2025-04-27 19:57:23,504 [INFO] PluginManage:359 - Loaded plugin thirdparty (category:base,tabindex:-1)
2025-04-27 19:57:23,504 [WARN] IntegrityCheckThread:84 - waiting for thirdparty lock release [integrity check]
2025-04-27 19:57:23,504 [INFO] IntegrityCheckThread:86 - entering critical section [integrity check]
2025-04-27 19:57:23,504 [INFO] PluginManage:310 - Check plugin tools
2025-04-27 19:57:23,504 [INFO] ThirdPartyUpdaterWithRetryManager:70 - Updater plugin not ready yet. [1/15]
2025-04-27 19:57:23,547 [INFO] PluginManage:359 - Loaded plugin tools (category:base,tabindex:7)
2025-04-27 19:57:23,547 [INFO] PluginManage:310 - Check plugin tutovideos
2025-04-27 19:57:23,714 [INFO] PluginManage:359 - Loaded plugin tutovideos (category:base,tabindex:-1)
2025-04-27 19:57:23,714 [INFO] PluginManage:310 - Check plugin updater
2025-04-27 19:57:23,731 [INFO] PluginManage:359 - Loaded plugin updater (category:base,tabindex:12)
2025-04-27 19:57:23,731 [INFO] PluginManage:310 - Check plugin userauth
2025-04-27 19:57:23,734 [INFO] UserAuth:118 - Init User Auth plugin
2025-04-27 19:57:23,734 [INFO] PluginManage:359 - Loaded plugin userauth (category:base,tabindex:14)
2025-04-27 19:57:23,735 [INFO] PluginManage:283 - PluginManage : Loaded plugins [18]
2025-04-27 19:57:23,917 [INFO] PinOutPanel:1589 - setPackage(No Configuration,No Configuration)
2025-04-27 19:57:23,991 [INFO] CADModel:165 - CPN selected for project level
2025-04-27 19:57:23,991 [INFO] CADModel:114 - Register for checkConnection events
2025-04-27 19:57:24,021 [INFO] IPUIPlugin:80 - create IPUIPlugin
2025-04-27 19:57:24,021 [INFO] PluginManager:220 - loadIPPluginJar : add adc
2025-04-27 19:57:24,063 [INFO] IPUIPlugin:80 - create IPUIPlugin
2025-04-27 19:57:24,065 [INFO] PluginManager:220 - loadIPPluginJar : add aes
2025-04-27 19:57:24,124 [INFO] IPUIPlugin:80 - create IPUIPlugin
2025-04-27 19:57:24,124 [INFO] PluginManager:220 - loadIPPluginJar : add can
2025-04-27 19:57:24,153 [INFO] IPUIPlugin:80 - create IPUIPlugin
2025-04-27 19:57:24,153 [INFO] PluginManager:220 - loadIPPluginJar : add comp
2025-04-27 19:57:24,191 [INFO] IPUIPlugin:80 - create IPUIPlugin
2025-04-27 19:57:24,191 [INFO] PluginManager:220 - loadIPPluginJar : add cryp
2025-04-27 19:57:24,205 [INFO] IPUIPlugin:80 - create IPUIPlugin
2025-04-27 19:57:24,205 [INFO] PluginManager:220 - loadIPPluginJar : add ddr_ctrl_phy
2025-04-27 19:57:24,239 [INFO] IPUIPlugin:80 - create IPUIPlugin
2025-04-27 19:57:24,240 [INFO] PluginManager:220 - loadIPPluginJar : add dfsdm
2025-04-27 19:57:24,255 [INFO] IPUIPlugin:80 - create IPUIPlugin
2025-04-27 19:57:24,255 [INFO] PluginManager:220 - loadIPPluginJar : add dma
2025-04-27 19:57:24,297 [INFO] IPUIPlugin:80 - create IPUIPlugin
2025-04-27 19:57:24,297 [INFO] PluginManager:220 - loadIPPluginJar : add dma3
2025-04-27 19:57:24,346 [INFO] IPUIPlugin:80 - create IPUIPlugin
2025-04-27 19:57:24,346 [INFO] PluginManager:220 - loadIPPluginJar : add extmemmanager
2025-04-27 19:57:24,371 [INFO] IPUIPlugin:80 - create IPUIPlugin
2025-04-27 19:57:24,371 [INFO] PluginManager:220 - loadIPPluginJar : add fatfs
2025-04-27 19:57:24,422 [INFO] IPUIPlugin:80 - create IPUIPlugin
2025-04-27 19:57:24,422 [INFO] PluginManager:220 - loadIPPluginJar : add fmc
2025-04-27 19:57:24,438 [INFO] IPUIPlugin:80 - create IPUIPlugin
2025-04-27 19:57:24,438 [INFO] PluginManager:220 - loadIPPluginJar : add freertos
2025-04-27 19:57:24,461 [INFO] IPUIPlugin:80 - create IPUIPlugin
2025-04-27 19:57:24,462 [INFO] PluginManager:220 - loadIPPluginJar : add genericplugin
2025-04-27 19:57:24,567 [INFO] IPUIPlugin:80 - create IPUIPlugin
2025-04-27 19:57:24,567 [INFO] PluginManager:220 - loadIPPluginJar : add gfxmmu
2025-04-27 19:57:24,713 [INFO] IPUIPlugin:80 - create IPUIPlugin
2025-04-27 19:57:24,713 [INFO] PluginManager:220 - loadIPPluginJar : add gic
2025-04-27 19:57:24,729 [INFO] IPUIPlugin:80 - create IPUIPlugin
2025-04-27 19:57:24,729 [INFO] PluginManager:220 - loadIPPluginJar : add gpio
2025-04-27 19:57:24,828 [INFO] IPUIPlugin:80 - create IPUIPlugin
2025-04-27 19:57:24,829 [INFO] PluginManager:220 - loadIPPluginJar : add gtzc
2025-04-27 19:57:24,870 [INFO] IPUIPlugin:80 - create IPUIPlugin
2025-04-27 19:57:24,870 [INFO] PluginManager:220 - loadIPPluginJar : add hash
2025-04-27 19:57:24,934 [INFO] IPUIPlugin:80 - create IPUIPlugin
2025-04-27 19:57:24,934 [INFO] PluginManager:220 - loadIPPluginJar : add i2c
2025-04-27 19:57:24,984 [INFO] IPUIPlugin:80 - create IPUIPlugin
2025-04-27 19:57:24,984 [INFO] PluginManager:220 - loadIPPluginJar : add i2s
2025-04-27 19:57:25,037 [INFO] IPUIPlugin:80 - create IPUIPlugin
2025-04-27 19:57:25,037 [INFO] PluginManager:220 - loadIPPluginJar : add i3c
2025-04-27 19:57:25,150 [INFO] IPUIPlugin:80 - create IPUIPlugin
2025-04-27 19:57:25,150 [INFO] PluginManager:220 - loadIPPluginJar : add ipddr
2025-04-27 19:57:25,250 [INFO] IPUIPlugin:80 - create IPUIPlugin
2025-04-27 19:57:25,250 [INFO] PluginManager:220 - loadIPPluginJar : add linkedlist
2025-04-27 19:57:25,289 [INFO] IPUIPlugin:80 - create IPUIPlugin
2025-04-27 19:57:25,289 [INFO] PluginManager:220 - loadIPPluginJar : add lorawan
2025-04-27 19:57:25,328 [INFO] IPUIPlugin:80 - create IPUIPlugin
2025-04-27 19:57:25,328 [INFO] PluginManager:220 - loadIPPluginJar : add ltdc
2025-04-27 19:57:25,344 [INFO] IPUIPlugin:80 - create IPUIPlugin
2025-04-27 19:57:25,344 [INFO] PluginManager:220 - loadIPPluginJar : add mdma
2025-04-27 19:57:25,358 [INFO] IPUIPlugin:80 - create IPUIPlugin
2025-04-27 19:57:25,358 [INFO] PluginManager:220 - loadIPPluginJar : add nvic
2025-04-27 19:57:25,403 [INFO] IPUIPlugin:80 - create IPUIPlugin
2025-04-27 19:57:25,403 [INFO] PluginManager:220 - loadIPPluginJar : add opamp
2025-04-27 19:57:25,475 [INFO] IPUIPlugin:80 - create IPUIPlugin
2025-04-27 19:57:25,475 [INFO] PluginManager:220 - loadIPPluginJar : add openamp
2025-04-27 19:57:25,525 [INFO] IPUIPlugin:80 - create IPUIPlugin
2025-04-27 19:57:25,525 [INFO] PluginManager:220 - loadIPPluginJar : add pdm2pcm
2025-04-27 19:57:25,541 [INFO] IPUIPlugin:80 - create IPUIPlugin
2025-04-27 19:57:25,542 [INFO] PluginManager:220 - loadIPPluginJar : add plateformsettings
2025-04-27 19:57:25,572 [INFO] IPUIPlugin:80 - create IPUIPlugin
2025-04-27 19:57:25,572 [INFO] PluginManager:220 - loadIPPluginJar : add quadspi
2025-04-27 19:57:25,603 [INFO] IPUIPlugin:80 - create IPUIPlugin
2025-04-27 19:57:25,603 [INFO] PluginManager:220 - loadIPPluginJar : add radio
2025-04-27 19:57:25,619 [INFO] IPUIPlugin:80 - create IPUIPlugin
2025-04-27 19:57:25,619 [INFO] PluginManager:220 - loadIPPluginJar : add resmgrutility
2025-04-27 19:57:25,672 [INFO] IPUIPlugin:80 - create IPUIPlugin
2025-04-27 19:57:25,672 [INFO] PluginManager:220 - loadIPPluginJar : add sai
2025-04-27 19:57:25,713 [INFO] IPUIPlugin:80 - create IPUIPlugin
2025-04-27 19:57:25,713 [INFO] PluginManager:220 - loadIPPluginJar : add spi
2025-04-27 19:57:25,785 [INFO] IPUIPlugin:80 - create IPUIPlugin
2025-04-27 19:57:25,785 [INFO] PluginManager:220 - loadIPPluginJar : add stm32_wpan
2025-04-27 19:57:25,811 [INFO] IPUIPlugin:80 - create IPUIPlugin
2025-04-27 19:57:25,811 [INFO] PluginManager:220 - loadIPPluginJar : add tim
2025-04-27 19:57:25,879 [INFO] IPUIPlugin:80 - create IPUIPlugin
2025-04-27 19:57:25,879 [INFO] PluginManager:220 - loadIPPluginJar : add touchsensing
2025-04-27 19:57:25,909 [INFO] IPUIPlugin:80 - create IPUIPlugin
2025-04-27 19:57:25,909 [INFO] PluginManager:220 - loadIPPluginJar : add tracer_emb
2025-04-27 19:57:25,940 [INFO] IPUIPlugin:80 - create IPUIPlugin
2025-04-27 19:57:25,940 [INFO] PluginManager:220 - loadIPPluginJar : add ts
2025-04-27 19:57:25,970 [INFO] IPUIPlugin:80 - create IPUIPlugin
2025-04-27 19:57:25,971 [INFO] PluginManager:220 - loadIPPluginJar : add tsc
2025-04-27 19:57:25,992 [INFO] IPUIPlugin:80 - create IPUIPlugin
2025-04-27 19:57:25,994 [INFO] PluginManager:220 - loadIPPluginJar : add ucpd
2025-04-27 19:57:26,041 [INFO] IPUIPlugin:80 - create IPUIPlugin
2025-04-27 19:57:26,041 [INFO] PluginManager:220 - loadIPPluginJar : add usart
2025-04-27 19:57:26,089 [INFO] IPUIPlugin:80 - create IPUIPlugin
2025-04-27 19:57:26,090 [INFO] PluginManager:220 - loadIPPluginJar : add usbx
2025-04-27 19:57:26,203 [FATAL] Updater:351 - Updater called before beeing initialized
2025-04-27 19:57:26,228 [INFO] RulesReader:64 - Compatibility file has been processed (301 Rules)
2025-04-27 19:57:26,235 [INFO] RulesReader:64 - Compatibility file has been processed (301 Rules)
2025-04-27 19:57:26,242 [INFO] CADModel:165 - CPN selected for project level
2025-04-27 19:57:26,242 [INFO] CADModel:114 - Register for checkConnection events
2025-04-27 19:57:26,242 [FATAL] Updater:351 - Updater called before beeing initialized
2025-04-27 19:57:26,242 [ERROR] CADModel:125 - Updater not yet initialized, retry later 
2025-04-27 19:57:26,387 [FATAL] Updater:351 - Updater called before beeing initialized
2025-04-27 19:57:26,389 [INFO] CADModel:165 - CPN selected for project level
2025-04-27 19:57:26,389 [INFO] CADModel:114 - Register for checkConnection events
2025-04-27 19:57:26,390 [FATAL] Updater:351 - Updater called before beeing initialized
2025-04-27 19:57:26,390 [ERROR] CADModel:125 - Updater not yet initialized, retry later 
2025-04-27 19:57:26,393 [FATAL] Updater:351 - Updater called before beeing initialized
2025-04-27 19:57:26,482 [FATAL] Updater:351 - Updater called before beeing initialized
2025-04-27 19:57:26,492 [INFO] DbMcusAds:53 - JSON generation date=Thu Mar 06 21:54:22 ICT 2025 (1741272862078)
2025-04-27 19:57:26,493 [FATAL] Updater:351 - Updater called before beeing initialized
2025-04-27 19:57:26,506 [INFO] ThirdPartyUpdaterWithRetryManager:70 - Updater plugin not ready yet. [2/15]
2025-04-27 19:57:26,522 [WARN] DetailPanel:346 - Failed to get advertising image, set to default
2025-04-27 19:57:26,745 [FATAL] Updater:351 - Updater called before beeing initialized
2025-04-27 19:57:26,747 [FATAL] Updater:351 - Updater called before beeing initialized
2025-04-27 19:57:26,748 [FATAL] Updater:351 - Updater called before beeing initialized
2025-04-27 19:57:26,748 [WARN] DetailPanel:346 - Failed to get advertising image, set to default
2025-04-27 19:57:26,748 [FATAL] Updater:351 - Updater called before beeing initialized
2025-04-27 19:57:26,798 [ERROR] Updater:1198 - MainUpdater not yet initialized. External WinMGr cannot be set.
2025-04-27 19:57:26,808 [INFO] Updater:1134 - Updater Version found : 6.14.0
2025-04-27 19:57:26,826 [INFO] ApplicationProperties:184 - Using Application install path: C:\ST\STM32CubeIDE_1.18.0\STM32CubeIDE\plugins\com.st.stm32cube.common.mx_6.14.0.202502271554
2025-04-27 19:57:28,398 [ERROR] LogOutputStream:75 - [STDERR_REDIRECT] Apr 27, 2025 7:57:28 PM java.util.prefs.WindowsPreferences <init>
2025-04-27 19:57:28,399 [ERROR] LogOutputStream:75 - [STDERR_REDIRECT] WARNING: Could not open/create prefs root node Software\JavaSoft\Prefs at root 0xffffffff80000002. Windows RegCreateKeyEx(...) returned error code 5.
2025-04-27 19:57:28,399 [ERROR] LogOutputStream:75 - [STDERR_REDIRECT] 
2025-04-27 19:57:28,717 [INFO] MainUpdater:2872 - connection check result : 10
2025-04-27 19:57:28,717 [INFO] MainUpdater:289 - Updater Check For Update Now.
2025-04-27 19:57:28,718 [INFO] MicroXplorer:498 - Change Database Version : DB.6.0.140
2025-04-27 19:57:28,738 [INFO] McuFinderGlobals:63 - Set McuFinder mode to 2 (CubeIDE integrated)
2025-04-27 19:57:28,748 [INFO] UserAuth:486 - Internet connection configuration mode: 1
2025-04-27 19:57:28,782 [INFO] JxBrowserEngine:152 - Initiate JxBrowser Engine with user profile folder
2025-04-27 19:57:28,911 [INFO] CheckServerUpdateThread:120 - End of CheckServer Thread
2025-04-27 19:57:29,687 [INFO] WebApp:169 - Instantiating new browser for Auth
2025-04-27 19:57:29,781 [WARN] PackLoader:240 - Cannot read IP mode file for STMicroelectronics.FP-SNS-MOTENVWB1.1.4.0
2025-04-27 19:57:29,810 [WARN] PackLoader:240 - Cannot read IP mode file for STMicroelectronics.FP-ATR-ASTRA1.2.0.2
2025-04-27 19:57:29,835 [WARN] PackLoader:240 - Cannot read IP mode file for STMicroelectronics.X-CUBE-SMBUS.2.1.0
2025-04-27 19:57:29,858 [WARN] PackLoader:240 - Cannot read IP mode file for STMicroelectronics.X-CUBE-WB05N.1.1.0
2025-04-27 19:57:29,899 [WARN] PackLoader:240 - Cannot read IP mode file for STMicroelectronics.X-CUBE-AZRTOS-F7.1.1.0
2025-04-27 19:57:29,918 [WARN] PackLoader:240 - Cannot read IP mode file for STMicroelectronics.FP-SNS-FLIGHT1.5.0.2
2025-04-27 19:57:29,949 [WARN] PackLoader:240 - Cannot read IP mode file for Infineon.AIROC-Wi-Fi-Bluetooth-STM32.1.7.0
2025-04-27 19:57:29,978 [WARN] PackLoader:240 - Cannot read IP mode file for STMicroelectronics.X-CUBE-DISPLAY.3.0.0
2025-04-27 19:57:29,998 [WARN] PackLoader:240 - Cannot read IP mode file for STMicroelectronics.X-CUBE-NFC10.1.0.0
2025-04-27 19:57:30,024 [WARN] PackLoader:240 - Cannot read IP mode file for STMicroelectronics.X-CUBE-BLEMGR.4.0.0
2025-04-27 19:57:30,053 [WARN] PackLoader:240 - Cannot read IP mode file for emotas.I-CUBE-CANOPEN.1.3.0
2025-04-27 19:57:30,074 [WARN] ConditionMgr:438 - getConditionDescription Invalid condition id : Cortex-A Device cause : null
2025-04-27 19:57:30,106 [WARN] ConditionMgr:1044 - genDependencies : Invalid condition id : Cortex-A Device cause : null
2025-04-27 19:57:30,106 [WARN] ConditionMgr:1044 - genDependencies : Invalid condition id : Cortex-A Device cause : null
2025-04-27 19:57:30,106 [WARN] ConditionMgr:1044 - genDependencies : Invalid condition id : Cortex-A Device cause : null
2025-04-27 19:57:30,125 [WARN] PackLoader:240 - Cannot read IP mode file for STMicroelectronics.X-CUBE-AI.10.0.0
2025-04-27 19:57:30,141 [WARN] PackLoader:240 - Cannot read IP mode file for STMicroelectronics.FP-SNS-SMARTAG2.1.2.0
2025-04-27 19:57:30,156 [WARN] PackLoader:240 - Cannot read IP mode file for STMicroelectronics.FP-SNS-FLIGHT1.5.1.0
2025-04-27 19:57:30,204 [WARN] PackLoader:240 - Cannot read IP mode file for STMicroelectronics.X-CUBE-MEMS1.11.1.0
2025-04-27 19:57:30,315 [INFO] LogOutputStream:77 - [STDOUT_REDIRECT] 1 : Invalid condition id : UX_CORESTACK_Condition cause : null
2025-04-27 19:57:30,315 [INFO] LogOutputStream:77 - [STDOUT_REDIRECT] 1 : Invalid condition id : UX_CORESTACK_Condition cause : null
2025-04-27 19:57:30,318 [INFO] LogOutputStream:77 - [STDOUT_REDIRECT] 1 : Invalid condition id : UX_CORESTACK_Condition cause : null
2025-04-27 19:57:30,319 [INFO] LogOutputStream:77 - [STDOUT_REDIRECT] 1 : Invalid condition id : UX_CORESTACK_Condition cause : null
2025-04-27 19:57:30,320 [INFO] LogOutputStream:77 - [STDOUT_REDIRECT] 1 : Invalid condition id : UX_CORESTACK_Condition cause : null
2025-04-27 19:57:30,322 [WARN] PackLoader:240 - Cannot read IP mode file for STMicroelectronics.X-CUBE-AZRTOS-WL.2.0.0
2025-04-27 19:57:30,335 [WARN] PackLoader:240 - Cannot read IP mode file for STMicroelectronics.FP-SNS-MOTENV1.5.0.0
2025-04-27 19:57:30,352 [WARN] PackLoader:240 - Cannot read IP mode file for WES.I-CUBE-Cesium.1.3.0
2025-04-27 19:57:30,366 [WARN] PackLoader:240 - Cannot read IP mode file for STMicroelectronics.X-CUBE-BLE2.3.3.0
2025-04-27 19:57:30,381 [WARN] PackLoader:240 - Cannot read IP mode file for STMicroelectronics.X-CUBE-NFC9.1.0.0
2025-04-27 19:57:30,395 [WARN] PackLoader:240 - Cannot read IP mode file for STMicroelectronics.X-CUBE-BLE1.7.1.0
2025-04-27 19:57:30,407 [WARN] PackLoader:240 - Cannot read IP mode file for wolfSSL.I-CUBE-wolfMQTT.1.19.2
2025-04-27 19:57:30,454 [WARN] PackLoader:240 - Cannot read IP mode file for STMicroelectronics.X-CUBE-MEMS1.11.2.0
2025-04-27 19:57:30,594 [WARN] PackLoader:240 - Cannot read IP mode file for STMicroelectronics.X-CUBE-AZRTOS-G0.1.1.0
2025-04-27 19:57:30,628 [WARN] PackLoader:240 - Cannot read IP mode file for STMicroelectronics.X-CUBE-SAFEA1.1.2.2
2025-04-27 19:57:30,654 [WARN] PackLoader:240 - Cannot read IP mode file for STMicroelectronics.X-CUBE-NFC4.3.0.0
2025-04-27 19:57:30,677 [WARN] PackLoader:240 - Cannot read IP mode file for EmbeddedOffice.I-CUBE-FS-RTOS.1.0.1
2025-04-27 19:57:30,703 [WARN] PackLoader:240 - Cannot read IP mode file for STMicroelectronics.X-CUBE-WB05N.2.0.0
2025-04-27 19:57:30,728 [WARN] PackLoader:240 - Cannot read IP mode file for wolfSSL.I-CUBE-wolfTPM.3.8.0
2025-04-27 19:57:30,752 [WARN] PackLoader:240 - Cannot read IP mode file for STMicroelectronics.X-CUBE-TCPP.4.2.0
2025-04-27 19:57:30,767 [INFO] WebApp:463 - Apply proxy settings
2025-04-27 19:57:30,768 [INFO] WebApp:548 - Chromium requires no authentication
2025-04-27 19:57:30,773 [WARN] PackLoader:240 - Cannot read IP mode file for RealThread.X-CUBE-RT-Thread_Nano.4.1.1
2025-04-27 19:57:30,784 [INFO] WebApp:491 - Direct internet connection detected
2025-04-27 19:57:30,793 [WARN] PackLoader:240 - Cannot read IP mode file for STMicroelectronics.FP-ATR-SIGFOX1.3.2.0
2025-04-27 19:57:30,813 [WARN] PackLoader:240 - Cannot read IP mode file for STMicroelectronics.X-CUBE-EEPRMA1.5.1.0
2025-04-27 19:57:30,816 [INFO] WebApp:894 - Register for checkConnection events
2025-04-27 19:57:30,816 [INFO] WebApp:463 - Apply proxy settings
2025-04-27 19:57:30,816 [INFO] WebApp:548 - Chromium requires no authentication
2025-04-27 19:57:30,817 [INFO] WebApp:491 - Direct internet connection detected
2025-04-27 19:57:30,832 [WARN] PackLoader:240 - Cannot read IP mode file for wolfSSL.I-CUBE-wolfSSL.5.7.6
2025-04-27 19:57:30,857 [WARN] PackLoader:240 - Cannot read IP mode file for ITTIA_DB.I-CUBE-ITTIADB.8.9.0
2025-04-27 19:57:30,880 [WARN] PackLoader:240 - Cannot read IP mode file for SEGGER.I-CUBE-embOS.1.3.1
2025-04-27 19:57:30,915 [WARN] PackLoader:240 - Cannot read IP mode file for STMicroelectronics.X-CUBE-ALGOBUILD.1.4.0
2025-04-27 19:57:30,940 [WARN] PackLoader:240 - Cannot read IP mode file for STMicroelectronics.X-CUBE-AZRTOS-F4.1.1.0
2025-04-27 19:57:30,958 [WARN] PackLoader:240 - Cannot read IP mode file for Avnet-IotConnect.X-CUBE-IoTC-DA16k-PMOD.1.0.0
2025-04-27 19:57:30,973 [WARN] PackLoader:240 - Cannot read IP mode file for STMicroelectronics.X-CUBE-ISPU.2.1.0
2025-04-27 19:57:30,998 [WARN] PackLoader:240 - Cannot read IP mode file for STMicroelectronics.X-CUBE-AZRTOS-L5.2.0.0
2025-04-27 19:57:31,013 [WARN] PackLoader:240 - Cannot read IP mode file for STMicroelectronics.X-CUBE-NFC6.3.1.0
2025-04-27 19:57:31,030 [WARN] PackLoader:240 - Cannot read IP mode file for STMicroelectronics.X-CUBE-DPower.1.2.0
2025-04-27 19:57:31,044 [WARN] PackLoader:240 - Cannot read IP mode file for STMicroelectronics.X-CUBE-FREERTOS.1.3.0
2025-04-27 19:57:31,063 [WARN] PackLoader:240 - Cannot read IP mode file for STMicroelectronics.X-CUBE-NFC7.1.0.1
2025-04-27 19:57:31,080 [WARN] PackLoader:240 - Cannot read IP mode file for STMicroelectronics.X-CUBE-DPower.1.3.0
2025-04-27 19:57:31,111 [WARN] ConditionMgr:438 - getConditionDescription Invalid condition id : LAN8742 Phy interface Condition cause : null
2025-04-27 19:57:31,111 [WARN] PackLoader:240 - Cannot read IP mode file for STMicroelectronics.X-CUBE-AZRTOS-L4.2.0.0
2025-04-27 19:57:31,112 [WARN] ConditionMgr:1044 - genDependencies : Invalid condition id : LAN8742 Phy interface Condition cause : null
2025-04-27 19:57:31,112 [WARN] ConditionMgr:1044 - genDependencies : Invalid condition id : LAN8742 Phy interface Condition cause : null
2025-04-27 19:57:31,113 [WARN] ConditionMgr:1044 - genDependencies : Invalid condition id : LAN8742 Phy interface Condition cause : null
2025-04-27 19:57:31,127 [WARN] PackLoader:240 - Cannot read IP mode file for STMicroelectronics.X-CUBE-SFXS2LP1.4.0.0
2025-04-27 19:57:31,132 [INFO] WebApp:225 - Starting web application
2025-04-27 19:57:31,132 [INFO] WebApp:593 - Web application path used C:\ST\STM32CubeIDE_1.18.0\STM32CubeIDE\plugins\com.st.stm32cube.common.mx_6.14.0.202502271554\db\plugins\mcufinder\reactClient1\index.html
2025-04-27 19:57:31,163 [WARN] PackLoader:240 - Cannot read IP mode file for STMicroelectronics.X-CUBE-AZRTOS-H7.3.3.0
2025-04-27 19:57:31,188 [WARN] ConditionMgr:438 - getConditionDescription Invalid condition id : UX DEVICE CLASS RTOS Condition cause : null
2025-04-27 19:57:31,188 [WARN] ConditionMgr:438 - getConditionDescription Invalid condition id : UX DEVICE CLASS RTOS Condition cause : null
2025-04-27 19:57:31,189 [WARN] PackLoader:240 - Cannot read IP mode file for STMicroelectronics.X-CUBE-AZRTOS-WB.2.0.0
2025-04-27 19:57:31,190 [WARN] ConditionMgr:1044 - genDependencies : Invalid condition id : UX DEVICE CLASS RTOS Condition cause : null
2025-04-27 19:57:31,190 [WARN] ConditionMgr:1044 - genDependencies : Invalid condition id : UX DEVICE CLASS RTOS Condition cause : null
2025-04-27 19:57:31,190 [WARN] ConditionMgr:1044 - genDependencies : Invalid condition id : UX DEVICE CLASS RTOS Condition cause : null
2025-04-27 19:57:31,191 [WARN] ConditionMgr:1044 - genDependencies : Invalid condition id : UX DEVICE CLASS RTOS Condition cause : null
2025-04-27 19:57:31,191 [WARN] ConditionMgr:1044 - genDependencies : Invalid condition id : UX DEVICE CLASS RTOS Condition cause : null
2025-04-27 19:57:31,212 [WARN] PackLoader:240 - Cannot read IP mode file for STMicroelectronics.X-CUBE-GNSS1.7.0.1
2025-04-27 19:57:31,230 [WARN] PackLoader:240 - Cannot read IP mode file for STMicroelectronics.X-CUBE-TOUCHGFX.4.25.0
2025-04-27 19:57:31,246 [WARN] PackLoader:240 - Cannot read IP mode file for STMicroelectronics.FP-SNS-STBOX1.2.0.0
2025-04-27 19:57:31,268 [WARN] PackLoader:240 - Cannot read IP mode file for STMicroelectronics.X-CUBE-SUBG2.5.0.0
2025-04-27 19:57:31,288 [INFO] WebApp:191 - Connection restablished
2025-04-27 19:57:31,301 [WARN] PackLoader:240 - Cannot read IP mode file for STMicroelectronics.X-CUBE-AZRTOS-H7RS.1.1.0
2025-04-27 19:57:31,312 [INFO] UserAuth:486 - Internet connection configuration mode: 1
2025-04-27 19:57:31,322 [WARN] PackLoader:240 - Cannot read IP mode file for Cesanta.I-CUBE-Mongoose.7.13.0
2025-04-27 19:57:31,346 [WARN] PackLoader:240 - Cannot read IP mode file for STMicroelectronics.X-CUBE-AZRTOS-G4.2.0.0
2025-04-27 19:57:31,363 [WARN] PackLoader:240 - Cannot read IP mode file for wolfSSL.I-CUBE-wolfSSH.1.4.20
2025-04-27 19:57:31,384 [WARN] PackLoader:240 - Cannot read IP mode file for STMicroelectronics.X-CUBE-IPS.3.1.0
2025-04-27 19:57:31,406 [WARN] PackLoader:240 - Cannot read IP mode file for STMicroelectronics.X-CUBE-ALS.1.0.2
2025-04-27 19:57:31,428 [WARN] PackLoader:240 - Cannot read IP mode file for portGmbH.I-Cube-SoM-uGOAL.1.1.0
2025-04-27 19:57:31,456 [WARN] PackLoader:240 - Cannot read IP mode file for STMicroelectronics.X-CUBE-AZRTOS-H7RS.1.0.0
2025-04-27 19:57:31,481 [WARN] PackLoader:240 - Cannot read IP mode file for STMicroelectronics.X-CUBE-TOF1.3.4.2
2025-04-27 19:57:31,508 [WARN] PackLoader:240 - Cannot read IP mode file for STMicroelectronics.X-CUBE-TOF1.3.4.3
2025-04-27 19:57:31,515 [INFO] ThirdParty:978 - Integrity check success = true
2025-04-27 19:57:31,515 [INFO] IntegrityCheckThread:100 - exiting critical section [integrity check]
2025-04-27 19:57:31,516 [INFO] IntegrityCheckThread:103 - End integrity checks thread
2025-04-27 22:36:01,143 [ERROR] LogOutputStream:75 - [STDERR_REDIRECT] 
