2025-05-03 15:17:50,946 [INFO] Activator:176 - 


2025-05-03 15:17:50,950 [INFO] Activator:177 - !SESSION log4j initialized
2025-05-03 15:17:54,648 [INFO] LogOutputStream:77 - [STDOUT_REDIRECT] 
2025-05-03 15:17:56,718 [INFO] ApplicationProperties:184 - Using Application install path: C:\ST\STM32CubeIDE_1.18.0\STM32CubeIDE\plugins\com.st.stm32cube.common.mx_6.14.0.202502271554
2025-05-03 15:17:56,731 [INFO] DbMcusXml:78 - Set database path to: C:\ST\STM32CubeIDE_1.18.0\STM32CubeIDE\plugins\com.st.stm32cube.common.mx_6.14.0.202502271554\\db\/mcu/
2025-05-03 15:17:56,731 [INFO] ApiDb:274 - Set plugin database path to: C:\ST\STM32CubeIDE_1.18.0\STM32CubeIDE\plugins\com.st.stm32cube.common.mx_6.14.0.202502271554\\db\/plugins/boardmanager/
2025-05-03 15:17:56,731 [WARN] ApiDb:259 - Overriding images path with different value:  => C:\ST\STM32CubeIDE_1.18.0\STM32CubeIDE\plugins\com.st.stm32cube.common.mx_6.14.0.202502271554\\db\/plugins/mcufinder/images/
2025-05-03 15:17:56,734 [INFO] ApiDb:250 - Set database path to: C:\Users\ADMIN\.stmcufinder\plugins\mcufinder//mcu/
2025-05-03 15:17:56,736 [INFO] DbMcusAds:125 - Set database path to: C:\Users\ADMIN\.stmcufinder\plugins\mcufinder//mcu/
2025-05-03 15:17:57,614 [INFO] CrossReferenceDbSqlite:203 - Set database path to: C:\Users\ADMIN\.stmcufinder\plugins\mcufinder//mcu/cs/
2025-05-03 15:17:57,701 [INFO] RulesReader:64 - Compatibility file has been processed (301 Rules)
2025-05-03 15:17:57,751 [INFO] DbMcusXml:78 - Set database path to: C:\ST\STM32CubeIDE_1.18.0\STM32CubeIDE\plugins\com.st.stm32cube.common.mx_6.14.0.202502271554\\db\/mcu/
2025-05-03 15:17:57,751 [INFO] ApiDb:274 - Set plugin database path to: C:\ST\STM32CubeIDE_1.18.0\STM32CubeIDE\plugins\com.st.stm32cube.common.mx_6.14.0.202502271554\\db\/plugins/boardmanager/
2025-05-03 15:17:57,751 [INFO] ApiDb:261 - Set plugin images path to: C:\ST\STM32CubeIDE_1.18.0\STM32CubeIDE\plugins\com.st.stm32cube.common.mx_6.14.0.202502271554\\db\/plugins/mcufinder/images/
2025-05-03 15:17:57,751 [WARN] DbFile:41 - Overriding database path with different value: C:\Users\ADMIN\.stmcufinder\plugins\mcufinder/ => C:\Users\ADMIN\.stmcufinder\plugins\mcufinder
2025-05-03 15:17:57,751 [INFO] ApiDb:250 - Set database path to: C:\Users\ADMIN\.stmcufinder\plugins\mcufinder//mcu/
2025-05-03 15:17:57,751 [WARN] DbFile:41 - Overriding database path with different value: C:\Users\ADMIN\.stmcufinder\plugins\mcufinder/ => C:\Users\ADMIN\.stmcufinder\plugins\mcufinder
2025-05-03 15:17:57,751 [INFO] DbMcusAds:125 - Set database path to: C:\Users\ADMIN\.stmcufinder\plugins\mcufinder//mcu/
2025-05-03 15:17:57,751 [WARN] DbFile:41 - Overriding database path with different value: C:\Users\ADMIN\.stmcufinder\plugins\mcufinder/ => C:\Users\ADMIN\.stmcufinder\plugins\mcufinder
2025-05-03 15:17:57,751 [WARN] DbFile:41 - Overriding database path with different value: C:\Users\ADMIN\.stmcufinder\plugins\mcufinder/ => C:\Users\ADMIN\.stmcufinder\plugins\mcufinder
2025-05-03 15:17:58,613 [INFO] CrossReferenceDbSqlite:203 - Set database path to: C:\Users\ADMIN\.stmcufinder\plugins\mcufinder//mcu/cs/
2025-05-03 15:17:58,657 [INFO] MainPanel:272 - HeapMemory: 268435456
2025-05-03 15:17:58,712 [INFO] DbMcusXml:78 - Set database path to: C:\ST\STM32CubeIDE_1.18.0\STM32CubeIDE\plugins\com.st.stm32cube.common.mx_6.14.0.202502271554\\db\/mcu/
2025-05-03 15:17:58,712 [INFO] ApiDb:274 - Set plugin database path to: C:\ST\STM32CubeIDE_1.18.0\STM32CubeIDE\plugins\com.st.stm32cube.common.mx_6.14.0.202502271554\\db\/plugins/boardmanager/
2025-05-03 15:17:58,712 [INFO] ApiDb:261 - Set plugin images path to: C:\ST\STM32CubeIDE_1.18.0\STM32CubeIDE\plugins\com.st.stm32cube.common.mx_6.14.0.202502271554\\db\/plugins/mcufinder/images/
2025-05-03 15:17:58,713 [WARN] DbFile:41 - Overriding database path with different value: C:\Users\ADMIN\.stmcufinder\plugins\mcufinder/ => C:\Users\ADMIN\.stmcufinder\plugins\mcufinder
2025-05-03 15:17:58,713 [INFO] ApiDb:250 - Set database path to: C:\Users\ADMIN\.stmcufinder\plugins\mcufinder//mcu/
2025-05-03 15:17:58,713 [WARN] DbFile:41 - Overriding database path with different value: C:\Users\ADMIN\.stmcufinder\plugins\mcufinder/ => C:\Users\ADMIN\.stmcufinder\plugins\mcufinder
2025-05-03 15:17:58,713 [INFO] DbMcusAds:125 - Set database path to: C:\Users\ADMIN\.stmcufinder\plugins\mcufinder//mcu/
2025-05-03 15:17:58,713 [WARN] DbFile:41 - Overriding database path with different value: C:\Users\ADMIN\.stmcufinder\plugins\mcufinder/ => C:\Users\ADMIN\.stmcufinder\plugins\mcufinder
2025-05-03 15:17:58,713 [WARN] DbFile:41 - Overriding database path with different value: C:\Users\ADMIN\.stmcufinder\plugins\mcufinder/ => C:\Users\ADMIN\.stmcufinder\plugins\mcufinder
2025-05-03 15:17:59,614 [INFO] CrossReferenceDbSqlite:203 - Set database path to: C:\Users\ADMIN\.stmcufinder\plugins\mcufinder//mcu/cs/
2025-05-03 15:17:59,630 [INFO] ApplicationProperties:184 - Using Application install path: C:\ST\STM32CubeIDE_1.18.0\STM32CubeIDE\plugins\com.st.stm32cube.common.mx_6.14.0.202502271554
2025-05-03 15:17:59,631 [INFO] PluginManage:196 - Search for loadable plugins [exclusion list=, ]
2025-05-03 15:17:59,632 [INFO] PluginManage:310 - Check plugin analytics
2025-05-03 15:18:00,663 [INFO] AnalyticsPlugin:253 - Accepted Software Licenses: 
2025-05-03 15:18:00,663 [INFO] AnalyticsPlugin:255 - Accepted CMSIS Pack Licenses: STMicroelectronics.X-CUBE-TOUCHGFX.4.25.0
2025-05-03 15:18:00,663 [INFO] AnalyticsPlugin:257 - Accepted Firmware Licenses: FW.F4.1.28.0
2025-05-03 15:18:00,665 [INFO] PluginManage:359 - Loaded plugin analytics (category:tool,tabindex:-1)
2025-05-03 15:18:00,665 [INFO] PluginManage:310 - Check plugin cadmodel
2025-05-03 15:18:00,667 [INFO] CADModel:105 - Init CAD model plugin
2025-05-03 15:18:00,667 [INFO] PluginManage:359 - Loaded plugin cadmodel (category:power,tabindex:5)
2025-05-03 15:18:00,667 [INFO] PluginManage:310 - Check plugin clock
2025-05-03 15:18:00,674 [INFO] PluginManage:359 - Loaded plugin clock (category:base,tabindex:2)
2025-05-03 15:18:00,674 [INFO] PluginManage:310 - Check plugin ddr
2025-05-03 15:18:00,675 [INFO] PluginManage:359 - Loaded plugin ddr (category:tool,tabindex:6)
2025-05-03 15:18:00,675 [INFO] PluginManage:310 - Check plugin filemanager
2025-05-03 15:18:00,774 [INFO] PluginManage:359 - Loaded plugin filemanager (category:base,tabindex:10)
2025-05-03 15:18:00,775 [INFO] PluginManage:310 - Check plugin ipmanager
2025-05-03 15:18:00,780 [INFO] PluginManage:359 - Loaded plugin ipmanager (category:base,tabindex:5)
2025-05-03 15:18:00,780 [INFO] PluginManage:310 - Check plugin lpbam
2025-05-03 15:18:00,785 [INFO] PluginManage:359 - Loaded plugin lpbam (category:base,tabindex:0)
2025-05-03 15:18:00,785 [INFO] PluginManage:310 - Check plugin memorymap
2025-05-03 15:18:00,792 [INFO] PluginManage:359 - Loaded plugin memorymap (category:base,tabindex:4)
2025-05-03 15:18:00,792 [INFO] PluginManage:310 - Check plugin pinoutandconfiguration
2025-05-03 15:18:00,798 [INFO] PluginManage:359 - Loaded plugin pinoutandconfiguration (category:base,tabindex:1)
2025-05-03 15:18:00,798 [INFO] PluginManage:310 - Check plugin pinoutconfig
2025-05-03 15:18:00,854 [WARN] SupportedApi:132 - Cannot load RTOS API schema: s4s-elt-must-match.1: The content of 'definitions' must match (annotation?, (simpleType | complexType)?, (unique | key | keyref)*)). A problem was found starting at: attribute.
2025-05-03 15:18:00,942 [INFO] PluginManage:359 - Loaded plugin pinoutconfig (category:base,tabindex:0)
2025-05-03 15:18:00,942 [INFO] PluginManage:310 - Check plugin power
2025-05-03 15:18:00,948 [INFO] PluginManage:359 - Loaded plugin power (category:power,tabindex:4)
2025-05-03 15:18:00,948 [INFO] PluginManage:310 - Check plugin projectmanager
2025-05-03 15:18:00,960 [INFO] PluginManage:359 - Loaded plugin projectmanager (category:projectmanager,tabindex:4)
2025-05-03 15:18:00,960 [INFO] PluginManage:310 - Check plugin rif
2025-05-03 15:18:00,966 [INFO] PluginManage:359 - Loaded plugin rif (category:base,tabindex:3)
2025-05-03 15:18:00,966 [INFO] PluginManage:310 - Check plugin thirdparty
2025-05-03 15:18:01,057 [INFO] PluginManage:359 - Loaded plugin thirdparty (category:base,tabindex:-1)
2025-05-03 15:18:01,057 [WARN] IntegrityCheckThread:84 - waiting for thirdparty lock release [integrity check]
2025-05-03 15:18:01,057 [INFO] PluginManage:310 - Check plugin tools
2025-05-03 15:18:01,057 [INFO] IntegrityCheckThread:86 - entering critical section [integrity check]
2025-05-03 15:18:01,057 [INFO] ThirdPartyUpdaterWithRetryManager:70 - Updater plugin not ready yet. [1/15]
2025-05-03 15:18:01,059 [INFO] PluginManage:359 - Loaded plugin tools (category:base,tabindex:7)
2025-05-03 15:18:01,059 [INFO] PluginManage:310 - Check plugin tutovideos
2025-05-03 15:18:01,179 [INFO] PluginManage:359 - Loaded plugin tutovideos (category:base,tabindex:-1)
2025-05-03 15:18:01,179 [INFO] PluginManage:310 - Check plugin updater
2025-05-03 15:18:01,195 [INFO] PluginManage:359 - Loaded plugin updater (category:base,tabindex:12)
2025-05-03 15:18:01,195 [INFO] PluginManage:310 - Check plugin userauth
2025-05-03 15:18:01,197 [INFO] UserAuth:118 - Init User Auth plugin
2025-05-03 15:18:01,198 [INFO] PluginManage:359 - Loaded plugin userauth (category:base,tabindex:14)
2025-05-03 15:18:01,198 [INFO] PluginManage:283 - PluginManage : Loaded plugins [18]
2025-05-03 15:18:01,338 [INFO] PinOutPanel:1589 - setPackage(No Configuration,No Configuration)
2025-05-03 15:18:01,397 [INFO] CADModel:165 - CPN selected for project level
2025-05-03 15:18:01,398 [INFO] CADModel:114 - Register for checkConnection events
2025-05-03 15:18:01,414 [INFO] IPUIPlugin:80 - create IPUIPlugin
2025-05-03 15:18:01,414 [INFO] PluginManager:220 - loadIPPluginJar : add adc
2025-05-03 15:18:01,415 [INFO] IPUIPlugin:80 - create IPUIPlugin
2025-05-03 15:18:01,415 [INFO] PluginManager:220 - loadIPPluginJar : add aes
2025-05-03 15:18:01,417 [INFO] IPUIPlugin:80 - create IPUIPlugin
2025-05-03 15:18:01,417 [INFO] PluginManager:220 - loadIPPluginJar : add can
2025-05-03 15:18:01,418 [INFO] IPUIPlugin:80 - create IPUIPlugin
2025-05-03 15:18:01,418 [INFO] PluginManager:220 - loadIPPluginJar : add comp
2025-05-03 15:18:01,421 [INFO] IPUIPlugin:80 - create IPUIPlugin
2025-05-03 15:18:01,421 [INFO] PluginManager:220 - loadIPPluginJar : add cryp
2025-05-03 15:18:01,423 [INFO] IPUIPlugin:80 - create IPUIPlugin
2025-05-03 15:18:01,423 [INFO] PluginManager:220 - loadIPPluginJar : add ddr_ctrl_phy
2025-05-03 15:18:01,424 [INFO] IPUIPlugin:80 - create IPUIPlugin
2025-05-03 15:18:01,424 [INFO] PluginManager:220 - loadIPPluginJar : add dfsdm
2025-05-03 15:18:01,430 [INFO] IPUIPlugin:80 - create IPUIPlugin
2025-05-03 15:18:01,430 [INFO] PluginManager:220 - loadIPPluginJar : add dma
2025-05-03 15:18:01,431 [INFO] IPUIPlugin:80 - create IPUIPlugin
2025-05-03 15:18:01,432 [INFO] PluginManager:220 - loadIPPluginJar : add dma3
2025-05-03 15:18:01,434 [INFO] IPUIPlugin:80 - create IPUIPlugin
2025-05-03 15:18:01,434 [INFO] PluginManager:220 - loadIPPluginJar : add extmemmanager
2025-05-03 15:18:01,435 [INFO] IPUIPlugin:80 - create IPUIPlugin
2025-05-03 15:18:01,436 [INFO] PluginManager:220 - loadIPPluginJar : add fatfs
2025-05-03 15:18:01,441 [INFO] IPUIPlugin:80 - create IPUIPlugin
2025-05-03 15:18:01,441 [INFO] PluginManager:220 - loadIPPluginJar : add fmc
2025-05-03 15:18:01,445 [INFO] IPUIPlugin:80 - create IPUIPlugin
2025-05-03 15:18:01,445 [INFO] PluginManager:220 - loadIPPluginJar : add freertos
2025-05-03 15:18:01,446 [INFO] IPUIPlugin:80 - create IPUIPlugin
2025-05-03 15:18:01,446 [INFO] PluginManager:220 - loadIPPluginJar : add genericplugin
2025-05-03 15:18:01,447 [INFO] IPUIPlugin:80 - create IPUIPlugin
2025-05-03 15:18:01,447 [INFO] PluginManager:220 - loadIPPluginJar : add gfxmmu
2025-05-03 15:18:01,450 [INFO] IPUIPlugin:80 - create IPUIPlugin
2025-05-03 15:18:01,450 [INFO] PluginManager:220 - loadIPPluginJar : add gic
2025-05-03 15:18:01,453 [INFO] IPUIPlugin:80 - create IPUIPlugin
2025-05-03 15:18:01,454 [INFO] PluginManager:220 - loadIPPluginJar : add gpio
2025-05-03 15:18:01,455 [INFO] IPUIPlugin:80 - create IPUIPlugin
2025-05-03 15:18:01,455 [INFO] PluginManager:220 - loadIPPluginJar : add gtzc
2025-05-03 15:18:01,456 [INFO] IPUIPlugin:80 - create IPUIPlugin
2025-05-03 15:18:01,456 [INFO] PluginManager:220 - loadIPPluginJar : add hash
2025-05-03 15:18:01,459 [INFO] IPUIPlugin:80 - create IPUIPlugin
2025-05-03 15:18:01,459 [INFO] PluginManager:220 - loadIPPluginJar : add i2c
2025-05-03 15:18:01,460 [INFO] IPUIPlugin:80 - create IPUIPlugin
2025-05-03 15:18:01,460 [INFO] PluginManager:220 - loadIPPluginJar : add i2s
2025-05-03 15:18:01,463 [INFO] IPUIPlugin:80 - create IPUIPlugin
2025-05-03 15:18:01,463 [INFO] PluginManager:220 - loadIPPluginJar : add i3c
2025-05-03 15:18:01,466 [INFO] IPUIPlugin:80 - create IPUIPlugin
2025-05-03 15:18:01,466 [INFO] PluginManager:220 - loadIPPluginJar : add ipddr
2025-05-03 15:18:01,472 [INFO] IPUIPlugin:80 - create IPUIPlugin
2025-05-03 15:18:01,472 [INFO] PluginManager:220 - loadIPPluginJar : add linkedlist
2025-05-03 15:18:01,475 [INFO] IPUIPlugin:80 - create IPUIPlugin
2025-05-03 15:18:01,475 [INFO] PluginManager:220 - loadIPPluginJar : add lorawan
2025-05-03 15:18:01,475 [INFO] IPUIPlugin:80 - create IPUIPlugin
2025-05-03 15:18:01,476 [INFO] PluginManager:220 - loadIPPluginJar : add ltdc
2025-05-03 15:18:01,480 [INFO] IPUIPlugin:80 - create IPUIPlugin
2025-05-03 15:18:01,480 [INFO] PluginManager:220 - loadIPPluginJar : add mdma
2025-05-03 15:18:01,483 [INFO] IPUIPlugin:80 - create IPUIPlugin
2025-05-03 15:18:01,483 [INFO] PluginManager:220 - loadIPPluginJar : add nvic
2025-05-03 15:18:01,484 [INFO] IPUIPlugin:80 - create IPUIPlugin
2025-05-03 15:18:01,484 [INFO] PluginManager:220 - loadIPPluginJar : add opamp
2025-05-03 15:18:01,487 [INFO] IPUIPlugin:80 - create IPUIPlugin
2025-05-03 15:18:01,487 [INFO] PluginManager:220 - loadIPPluginJar : add openamp
2025-05-03 15:18:01,489 [INFO] IPUIPlugin:80 - create IPUIPlugin
2025-05-03 15:18:01,489 [INFO] PluginManager:220 - loadIPPluginJar : add pdm2pcm
2025-05-03 15:18:01,493 [INFO] IPUIPlugin:80 - create IPUIPlugin
2025-05-03 15:18:01,495 [INFO] PluginManager:220 - loadIPPluginJar : add plateformsettings
2025-05-03 15:18:01,496 [INFO] IPUIPlugin:80 - create IPUIPlugin
2025-05-03 15:18:01,496 [INFO] PluginManager:220 - loadIPPluginJar : add quadspi
2025-05-03 15:18:01,497 [INFO] IPUIPlugin:80 - create IPUIPlugin
2025-05-03 15:18:01,497 [INFO] PluginManager:220 - loadIPPluginJar : add radio
2025-05-03 15:18:01,500 [INFO] IPUIPlugin:80 - create IPUIPlugin
2025-05-03 15:18:01,500 [INFO] PluginManager:220 - loadIPPluginJar : add resmgrutility
2025-05-03 15:18:01,502 [INFO] IPUIPlugin:80 - create IPUIPlugin
2025-05-03 15:18:01,502 [INFO] PluginManager:220 - loadIPPluginJar : add sai
2025-05-03 15:18:01,503 [INFO] IPUIPlugin:80 - create IPUIPlugin
2025-05-03 15:18:01,505 [INFO] PluginManager:220 - loadIPPluginJar : add spi
2025-05-03 15:18:01,508 [INFO] IPUIPlugin:80 - create IPUIPlugin
2025-05-03 15:18:01,508 [INFO] PluginManager:220 - loadIPPluginJar : add stm32_wpan
2025-05-03 15:18:01,510 [INFO] IPUIPlugin:80 - create IPUIPlugin
2025-05-03 15:18:01,511 [INFO] PluginManager:220 - loadIPPluginJar : add tim
2025-05-03 15:18:01,514 [INFO] IPUIPlugin:80 - create IPUIPlugin
2025-05-03 15:18:01,514 [INFO] PluginManager:220 - loadIPPluginJar : add touchsensing
2025-05-03 15:18:01,515 [INFO] IPUIPlugin:80 - create IPUIPlugin
2025-05-03 15:18:01,515 [INFO] PluginManager:220 - loadIPPluginJar : add tracer_emb
2025-05-03 15:18:01,516 [INFO] IPUIPlugin:80 - create IPUIPlugin
2025-05-03 15:18:01,517 [INFO] PluginManager:220 - loadIPPluginJar : add ts
2025-05-03 15:18:01,517 [INFO] IPUIPlugin:80 - create IPUIPlugin
2025-05-03 15:18:01,517 [INFO] PluginManager:220 - loadIPPluginJar : add tsc
2025-05-03 15:18:01,518 [INFO] IPUIPlugin:80 - create IPUIPlugin
2025-05-03 15:18:01,518 [INFO] PluginManager:220 - loadIPPluginJar : add ucpd
2025-05-03 15:18:01,520 [INFO] IPUIPlugin:80 - create IPUIPlugin
2025-05-03 15:18:01,520 [INFO] PluginManager:220 - loadIPPluginJar : add usart
2025-05-03 15:18:01,522 [INFO] IPUIPlugin:80 - create IPUIPlugin
2025-05-03 15:18:01,522 [INFO] PluginManager:220 - loadIPPluginJar : add usbx
2025-05-03 15:18:01,628 [FATAL] Updater:351 - Updater called before beeing initialized
2025-05-03 15:18:01,647 [INFO] RulesReader:64 - Compatibility file has been processed (301 Rules)
2025-05-03 15:18:01,656 [INFO] RulesReader:64 - Compatibility file has been processed (301 Rules)
2025-05-03 15:18:01,664 [INFO] CADModel:165 - CPN selected for project level
2025-05-03 15:18:01,664 [INFO] CADModel:114 - Register for checkConnection events
2025-05-03 15:18:01,664 [FATAL] Updater:351 - Updater called before beeing initialized
2025-05-03 15:18:01,665 [ERROR] CADModel:125 - Updater not yet initialized, retry later 
2025-05-03 15:18:01,764 [FATAL] Updater:351 - Updater called before beeing initialized
2025-05-03 15:18:01,765 [INFO] CADModel:165 - CPN selected for project level
2025-05-03 15:18:01,765 [INFO] CADModel:114 - Register for checkConnection events
2025-05-03 15:18:01,765 [FATAL] Updater:351 - Updater called before beeing initialized
2025-05-03 15:18:01,765 [ERROR] CADModel:125 - Updater not yet initialized, retry later 
2025-05-03 15:18:01,768 [FATAL] Updater:351 - Updater called before beeing initialized
2025-05-03 15:18:01,845 [FATAL] Updater:351 - Updater called before beeing initialized
2025-05-03 15:18:01,847 [INFO] DbMcusAds:53 - JSON generation date=Thu Mar 06 21:54:22 ICT 2025 (1741272862078)
2025-05-03 15:18:01,847 [FATAL] Updater:351 - Updater called before beeing initialized
2025-05-03 15:18:01,867 [WARN] DetailPanel:346 - Failed to get advertising image, set to default
2025-05-03 15:18:02,028 [FATAL] Updater:351 - Updater called before beeing initialized
2025-05-03 15:18:02,031 [FATAL] Updater:351 - Updater called before beeing initialized
2025-05-03 15:18:02,031 [FATAL] Updater:351 - Updater called before beeing initialized
2025-05-03 15:18:02,031 [WARN] DetailPanel:346 - Failed to get advertising image, set to default
2025-05-03 15:18:02,032 [FATAL] Updater:351 - Updater called before beeing initialized
2025-05-03 15:18:02,066 [ERROR] Updater:1198 - MainUpdater not yet initialized. External WinMGr cannot be set.
2025-05-03 15:18:02,067 [INFO] Updater:1134 - Updater Version found : 6.14.0
2025-05-03 15:18:02,081 [INFO] ApplicationProperties:184 - Using Application install path: C:\ST\STM32CubeIDE_1.18.0\STM32CubeIDE\plugins\com.st.stm32cube.common.mx_6.14.0.202502271554
2025-05-03 15:18:03,646 [ERROR] LogOutputStream:75 - [STDERR_REDIRECT] May 03, 2025 3:18:03 PM java.util.prefs.WindowsPreferences <init>
2025-05-03 15:18:03,646 [ERROR] LogOutputStream:75 - [STDERR_REDIRECT] WARNING: Could not open/create prefs root node Software\JavaSoft\Prefs at root 0xffffffff80000002. Windows RegCreateKeyEx(...) returned error code 5.
2025-05-03 15:18:03,648 [ERROR] LogOutputStream:75 - [STDERR_REDIRECT] 
2025-05-03 15:18:03,987 [INFO] MainUpdater:2872 - connection check result : 10
2025-05-03 15:18:03,987 [INFO] MainUpdater:289 - Updater Check For Update Now.
2025-05-03 15:18:03,987 [INFO] MicroXplorer:498 - Change Database Version : DB.6.0.140
2025-05-03 15:18:03,995 [INFO] McuFinderGlobals:63 - Set McuFinder mode to 2 (CubeIDE integrated)
2025-05-03 15:18:03,996 [INFO] UserAuth:486 - Internet connection configuration mode: 1
2025-05-03 15:18:04,018 [INFO] JxBrowserEngine:152 - Initiate JxBrowser Engine with user profile folder
2025-05-03 15:18:04,061 [WARN] MainUpdater:1193 - Updater busy. Cannot search thirdparties
2025-05-03 15:18:04,061 [INFO] ThirdPartyUpdaterWithRetryManager:96 - Updater plugin is busy. [1/15]
2025-05-03 15:18:04,144 [INFO] CheckServerUpdateThread:120 - End of CheckServer Thread
2025-05-03 15:18:04,420 [INFO] WebApp:169 - Instantiating new browser for Auth
2025-05-03 15:18:04,842 [INFO] WebApp:463 - Apply proxy settings
2025-05-03 15:18:04,843 [INFO] WebApp:548 - Chromium requires no authentication
2025-05-03 15:18:04,849 [INFO] WebApp:491 - Direct internet connection detected
2025-05-03 15:18:04,864 [INFO] WebApp:894 - Register for checkConnection events
2025-05-03 15:18:04,864 [INFO] WebApp:463 - Apply proxy settings
2025-05-03 15:18:04,864 [INFO] WebApp:548 - Chromium requires no authentication
2025-05-03 15:18:04,864 [INFO] WebApp:491 - Direct internet connection detected
2025-05-03 15:18:04,962 [INFO] WebApp:225 - Starting web application
2025-05-03 15:18:04,962 [INFO] WebApp:593 - Web application path used C:\ST\STM32CubeIDE_1.18.0\STM32CubeIDE\plugins\com.st.stm32cube.common.mx_6.14.0.202502271554\db\plugins\mcufinder\reactClient1\index.html
2025-05-03 15:18:05,271 [INFO] WebApp:191 - Connection restablished
2025-05-03 15:18:05,846 [INFO] UserAuth:486 - Internet connection configuration mode: 1
2025-05-03 15:18:07,175 [WARN] PackLoader:240 - Cannot read IP mode file for STMicroelectronics.FP-SNS-MOTENVWB1.1.4.0
2025-05-03 15:18:07,180 [WARN] PackLoader:240 - Cannot read IP mode file for STMicroelectronics.FP-ATR-ASTRA1.2.0.2
2025-05-03 15:18:07,186 [WARN] PackLoader:240 - Cannot read IP mode file for STMicroelectronics.X-CUBE-SMBUS.2.1.0
2025-05-03 15:18:07,193 [WARN] PackLoader:240 - Cannot read IP mode file for STMicroelectronics.X-CUBE-WB05N.1.1.0
2025-05-03 15:18:07,214 [WARN] PackLoader:240 - Cannot read IP mode file for STMicroelectronics.X-CUBE-AZRTOS-F7.1.1.0
2025-05-03 15:18:07,221 [WARN] PackLoader:240 - Cannot read IP mode file for STMicroelectronics.FP-SNS-FLIGHT1.5.0.2
2025-05-03 15:18:07,237 [WARN] PackLoader:240 - Cannot read IP mode file for Infineon.AIROC-Wi-Fi-Bluetooth-STM32.1.7.0
2025-05-03 15:18:07,257 [WARN] PackLoader:240 - Cannot read IP mode file for STMicroelectronics.X-CUBE-DISPLAY.3.0.0
2025-05-03 15:18:07,273 [WARN] PackLoader:240 - Cannot read IP mode file for STMicroelectronics.X-CUBE-NFC10.1.0.0
2025-05-03 15:18:07,301 [WARN] PackLoader:240 - Cannot read IP mode file for STMicroelectronics.X-CUBE-BLEMGR.4.0.0
2025-05-03 15:18:07,311 [WARN] PackLoader:240 - Cannot read IP mode file for emotas.I-CUBE-CANOPEN.1.3.0
2025-05-03 15:18:07,317 [WARN] ConditionMgr:438 - getConditionDescription Invalid condition id : Cortex-A Device cause : null
2025-05-03 15:18:07,342 [WARN] ConditionMgr:1044 - genDependencies : Invalid condition id : Cortex-A Device cause : null
2025-05-03 15:18:07,342 [WARN] ConditionMgr:1044 - genDependencies : Invalid condition id : Cortex-A Device cause : null
2025-05-03 15:18:07,342 [WARN] ConditionMgr:1044 - genDependencies : Invalid condition id : Cortex-A Device cause : null
2025-05-03 15:18:07,349 [WARN] PackLoader:240 - Cannot read IP mode file for STMicroelectronics.X-CUBE-AI.10.0.0
2025-05-03 15:18:07,354 [WARN] PackLoader:240 - Cannot read IP mode file for STMicroelectronics.FP-SNS-SMARTAG2.1.2.0
2025-05-03 15:18:07,357 [WARN] PackLoader:240 - Cannot read IP mode file for STMicroelectronics.FP-SNS-FLIGHT1.5.1.0
2025-05-03 15:18:07,386 [WARN] PackLoader:240 - Cannot read IP mode file for STMicroelectronics.X-CUBE-MEMS1.11.1.0
2025-05-03 15:18:07,460 [INFO] LogOutputStream:77 - [STDOUT_REDIRECT] 1 : Invalid condition id : UX_CORESTACK_Condition cause : null
2025-05-03 15:18:07,461 [INFO] LogOutputStream:77 - [STDOUT_REDIRECT] 1 : Invalid condition id : UX_CORESTACK_Condition cause : null
2025-05-03 15:18:07,462 [INFO] LogOutputStream:77 - [STDOUT_REDIRECT] 1 : Invalid condition id : UX_CORESTACK_Condition cause : null
2025-05-03 15:18:07,463 [INFO] LogOutputStream:77 - [STDOUT_REDIRECT] 1 : Invalid condition id : UX_CORESTACK_Condition cause : null
2025-05-03 15:18:07,464 [INFO] LogOutputStream:77 - [STDOUT_REDIRECT] 1 : Invalid condition id : UX_CORESTACK_Condition cause : null
2025-05-03 15:18:07,465 [WARN] PackLoader:240 - Cannot read IP mode file for STMicroelectronics.X-CUBE-AZRTOS-WL.2.0.0
2025-05-03 15:18:07,468 [WARN] PackLoader:240 - Cannot read IP mode file for STMicroelectronics.FP-SNS-MOTENV1.5.0.0
2025-05-03 15:18:07,475 [WARN] PackLoader:240 - Cannot read IP mode file for WES.I-CUBE-Cesium.1.3.0
2025-05-03 15:18:07,478 [WARN] PackLoader:240 - Cannot read IP mode file for STMicroelectronics.X-CUBE-BLE2.3.3.0
2025-05-03 15:18:07,481 [WARN] PackLoader:240 - Cannot read IP mode file for STMicroelectronics.X-CUBE-NFC9.1.0.0
2025-05-03 15:18:07,485 [WARN] PackLoader:240 - Cannot read IP mode file for STMicroelectronics.X-CUBE-BLE1.7.1.0
2025-05-03 15:18:07,488 [WARN] PackLoader:240 - Cannot read IP mode file for wolfSSL.I-CUBE-wolfMQTT.1.19.2
2025-05-03 15:18:07,513 [WARN] PackLoader:240 - Cannot read IP mode file for STMicroelectronics.X-CUBE-MEMS1.11.2.0
2025-05-03 15:18:07,579 [WARN] PackLoader:240 - Cannot read IP mode file for STMicroelectronics.X-CUBE-AZRTOS-G0.1.1.0
2025-05-03 15:18:07,585 [WARN] PackLoader:240 - Cannot read IP mode file for STMicroelectronics.X-CUBE-SAFEA1.1.2.2
2025-05-03 15:18:07,590 [WARN] PackLoader:240 - Cannot read IP mode file for STMicroelectronics.X-CUBE-NFC4.3.0.0
2025-05-03 15:18:07,596 [WARN] PackLoader:240 - Cannot read IP mode file for EmbeddedOffice.I-CUBE-FS-RTOS.1.0.1
2025-05-03 15:18:07,602 [WARN] PackLoader:240 - Cannot read IP mode file for STMicroelectronics.X-CUBE-WB05N.2.0.0
2025-05-03 15:18:07,606 [WARN] PackLoader:240 - Cannot read IP mode file for wolfSSL.I-CUBE-wolfTPM.3.8.0
2025-05-03 15:18:07,610 [WARN] PackLoader:240 - Cannot read IP mode file for STMicroelectronics.X-CUBE-TCPP.4.2.0
2025-05-03 15:18:07,616 [WARN] PackLoader:240 - Cannot read IP mode file for RealThread.X-CUBE-RT-Thread_Nano.4.1.1
2025-05-03 15:18:07,618 [WARN] PackLoader:240 - Cannot read IP mode file for STMicroelectronics.FP-ATR-SIGFOX1.3.2.0
2025-05-03 15:18:07,623 [WARN] PackLoader:240 - Cannot read IP mode file for STMicroelectronics.X-CUBE-EEPRMA1.5.1.0
2025-05-03 15:18:07,626 [WARN] PackLoader:240 - Cannot read IP mode file for wolfSSL.I-CUBE-wolfSSL.5.7.6
2025-05-03 15:18:07,631 [WARN] PackLoader:240 - Cannot read IP mode file for ITTIA_DB.I-CUBE-ITTIADB.8.9.0
2025-05-03 15:18:07,653 [WARN] PackLoader:240 - Cannot read IP mode file for SEGGER.I-CUBE-embOS.1.3.1
2025-05-03 15:18:07,722 [WARN] PackLoader:240 - Cannot read IP mode file for STMicroelectronics.X-CUBE-ALGOBUILD.1.4.0
2025-05-03 15:18:07,744 [WARN] PackLoader:240 - Cannot read IP mode file for STMicroelectronics.X-CUBE-AZRTOS-F4.1.1.0
2025-05-03 15:18:07,753 [WARN] PackLoader:240 - Cannot read IP mode file for Avnet-IotConnect.X-CUBE-IoTC-DA16k-PMOD.1.0.0
2025-05-03 15:18:07,758 [WARN] PackLoader:240 - Cannot read IP mode file for STMicroelectronics.X-CUBE-ISPU.2.1.0
2025-05-03 15:18:07,775 [WARN] PackLoader:240 - Cannot read IP mode file for STMicroelectronics.X-CUBE-AZRTOS-L5.2.0.0
2025-05-03 15:18:07,788 [WARN] PackLoader:240 - Cannot read IP mode file for STMicroelectronics.X-CUBE-NFC6.3.1.0
2025-05-03 15:18:07,797 [WARN] PackLoader:240 - Cannot read IP mode file for STMicroelectronics.X-CUBE-DPower.1.2.0
2025-05-03 15:18:07,803 [WARN] PackLoader:240 - Cannot read IP mode file for STMicroelectronics.X-CUBE-FREERTOS.1.3.0
2025-05-03 15:18:07,811 [WARN] PackLoader:240 - Cannot read IP mode file for STMicroelectronics.X-CUBE-NFC7.1.0.1
2025-05-03 15:18:07,817 [WARN] PackLoader:240 - Cannot read IP mode file for STMicroelectronics.X-CUBE-DPower.1.3.0
2025-05-03 15:18:07,836 [WARN] ConditionMgr:438 - getConditionDescription Invalid condition id : LAN8742 Phy interface Condition cause : null
2025-05-03 15:18:07,836 [WARN] PackLoader:240 - Cannot read IP mode file for STMicroelectronics.X-CUBE-AZRTOS-L4.2.0.0
2025-05-03 15:18:07,839 [WARN] ConditionMgr:1044 - genDependencies : Invalid condition id : LAN8742 Phy interface Condition cause : null
2025-05-03 15:18:07,840 [WARN] ConditionMgr:1044 - genDependencies : Invalid condition id : LAN8742 Phy interface Condition cause : null
2025-05-03 15:18:07,840 [WARN] ConditionMgr:1044 - genDependencies : Invalid condition id : LAN8742 Phy interface Condition cause : null
2025-05-03 15:18:07,849 [WARN] PackLoader:240 - Cannot read IP mode file for STMicroelectronics.X-CUBE-SFXS2LP1.4.0.0
2025-05-03 15:18:07,873 [WARN] PackLoader:240 - Cannot read IP mode file for STMicroelectronics.X-CUBE-AZRTOS-H7.3.3.0
2025-05-03 15:18:07,887 [WARN] ConditionMgr:438 - getConditionDescription Invalid condition id : UX DEVICE CLASS RTOS Condition cause : null
2025-05-03 15:18:07,887 [WARN] ConditionMgr:438 - getConditionDescription Invalid condition id : UX DEVICE CLASS RTOS Condition cause : null
2025-05-03 15:18:07,888 [WARN] PackLoader:240 - Cannot read IP mode file for STMicroelectronics.X-CUBE-AZRTOS-WB.2.0.0
2025-05-03 15:18:07,890 [WARN] ConditionMgr:1044 - genDependencies : Invalid condition id : UX DEVICE CLASS RTOS Condition cause : null
2025-05-03 15:18:07,890 [WARN] ConditionMgr:1044 - genDependencies : Invalid condition id : UX DEVICE CLASS RTOS Condition cause : null
2025-05-03 15:18:07,891 [WARN] ConditionMgr:1044 - genDependencies : Invalid condition id : UX DEVICE CLASS RTOS Condition cause : null
2025-05-03 15:18:07,891 [WARN] ConditionMgr:1044 - genDependencies : Invalid condition id : UX DEVICE CLASS RTOS Condition cause : null
2025-05-03 15:18:07,891 [WARN] ConditionMgr:1044 - genDependencies : Invalid condition id : UX DEVICE CLASS RTOS Condition cause : null
2025-05-03 15:18:07,896 [WARN] PackLoader:240 - Cannot read IP mode file for STMicroelectronics.X-CUBE-GNSS1.7.0.1
2025-05-03 15:18:07,904 [WARN] PackLoader:240 - Cannot read IP mode file for STMicroelectronics.X-CUBE-TOUCHGFX.4.25.0
2025-05-03 15:18:07,991 [WARN] PackLoader:240 - Cannot read IP mode file for STMicroelectronics.FP-SNS-STBOX1.2.0.0
2025-05-03 15:18:07,999 [WARN] PackLoader:240 - Cannot read IP mode file for STMicroelectronics.X-CUBE-SUBG2.5.0.0
2025-05-03 15:18:08,014 [WARN] PackLoader:240 - Cannot read IP mode file for STMicroelectronics.X-CUBE-AZRTOS-H7RS.1.1.0
2025-05-03 15:18:08,018 [WARN] PackLoader:240 - Cannot read IP mode file for Cesanta.I-CUBE-Mongoose.7.13.0
2025-05-03 15:18:08,025 [WARN] PackLoader:240 - Cannot read IP mode file for STMicroelectronics.X-CUBE-AZRTOS-G4.2.0.0
2025-05-03 15:18:08,031 [WARN] PackLoader:240 - Cannot read IP mode file for wolfSSL.I-CUBE-wolfSSH.1.4.20
2025-05-03 15:18:08,035 [WARN] PackLoader:240 - Cannot read IP mode file for STMicroelectronics.X-CUBE-NFC7.2.0.0
2025-05-03 15:18:08,044 [WARN] PackLoader:240 - Cannot read IP mode file for STMicroelectronics.X-CUBE-IPS.3.1.0
2025-05-03 15:18:08,049 [WARN] PackLoader:240 - Cannot read IP mode file for STMicroelectronics.X-CUBE-ALS.1.0.2
2025-05-03 15:18:08,054 [WARN] PackLoader:240 - Cannot read IP mode file for portGmbH.I-Cube-SoM-uGOAL.1.1.0
2025-05-03 15:18:08,066 [WARN] PackLoader:240 - Cannot read IP mode file for STMicroelectronics.X-CUBE-AZRTOS-H7RS.1.0.0
2025-05-03 15:18:08,073 [WARN] PackLoader:240 - Cannot read IP mode file for STMicroelectronics.X-CUBE-TOF1.3.4.2
2025-05-03 15:18:08,083 [WARN] PackLoader:240 - Cannot read IP mode file for STMicroelectronics.X-CUBE-TOF1.3.4.3
2025-05-03 15:18:08,087 [INFO] ThirdParty:978 - Integrity check success = true
2025-05-03 15:18:08,087 [INFO] IntegrityCheckThread:100 - exiting critical section [integrity check]
2025-05-03 15:18:08,087 [INFO] IntegrityCheckThread:103 - End integrity checks thread
2025-05-03 15:18:23,548 [ERROR] LogOutputStream:75 - [STDERR_REDIRECT] 
2025-05-03 15:18:23,549 [ERROR] LogOutputStream:75 - [STDERR_REDIRECT] 
