2025-04-23 14:08:57,106 [INFO] Activator:176 - 


2025-04-23 14:08:57,112 [INFO] Activator:177 - !SESSION log4j initialized
2025-04-23 14:09:03,502 [INFO] LogOutputStream:77 - [STDOUT_REDIRECT] 
2025-04-23 14:09:06,254 [INFO] ApplicationProperties:184 - Using Application install path: C:\ST\STM32CubeIDE_1.18.0\STM32CubeIDE\plugins\com.st.stm32cube.common.mx_6.14.0.202502271554
2025-04-23 14:09:06,274 [INFO] DbMcusXml:78 - Set database path to: C:\ST\STM32CubeIDE_1.18.0\STM32CubeIDE\plugins\com.st.stm32cube.common.mx_6.14.0.202502271554\\db\/mcu/
2025-04-23 14:09:06,274 [INFO] ApiDb:274 - Set plugin database path to: C:\ST\STM32CubeIDE_1.18.0\STM32CubeIDE\plugins\com.st.stm32cube.common.mx_6.14.0.202502271554\\db\/plugins/boardmanager/
2025-04-23 14:09:06,275 [WARN] ApiDb:259 - Overriding images path with different value:  => C:\ST\STM32CubeIDE_1.18.0\STM32CubeIDE\plugins\com.st.stm32cube.common.mx_6.14.0.202502271554\\db\/plugins/mcufinder/images/
2025-04-23 14:09:06,286 [INFO] ApiDb:250 - Set database path to: C:\Users\ADMIN\.stmcufinder\plugins\mcufinder//mcu/
2025-04-23 14:09:06,288 [INFO] DbMcusAds:125 - Set database path to: C:\Users\ADMIN\.stmcufinder\plugins\mcufinder//mcu/
2025-04-23 14:09:07,173 [INFO] CrossReferenceDbSqlite:203 - Set database path to: C:\Users\ADMIN\.stmcufinder\plugins\mcufinder//mcu/cs/
2025-04-23 14:09:07,345 [INFO] RulesReader:64 - Compatibility file has been processed (301 Rules)
2025-04-23 14:09:07,515 [INFO] DbMcusXml:78 - Set database path to: C:\ST\STM32CubeIDE_1.18.0\STM32CubeIDE\plugins\com.st.stm32cube.common.mx_6.14.0.202502271554\\db\/mcu/
2025-04-23 14:09:07,515 [INFO] ApiDb:274 - Set plugin database path to: C:\ST\STM32CubeIDE_1.18.0\STM32CubeIDE\plugins\com.st.stm32cube.common.mx_6.14.0.202502271554\\db\/plugins/boardmanager/
2025-04-23 14:09:07,515 [INFO] ApiDb:261 - Set plugin images path to: C:\ST\STM32CubeIDE_1.18.0\STM32CubeIDE\plugins\com.st.stm32cube.common.mx_6.14.0.202502271554\\db\/plugins/mcufinder/images/
2025-04-23 14:09:07,515 [WARN] DbFile:41 - Overriding database path with different value: C:\Users\ADMIN\.stmcufinder\plugins\mcufinder/ => C:\Users\ADMIN\.stmcufinder\plugins\mcufinder
2025-04-23 14:09:07,515 [INFO] ApiDb:250 - Set database path to: C:\Users\ADMIN\.stmcufinder\plugins\mcufinder//mcu/
2025-04-23 14:09:07,515 [WARN] DbFile:41 - Overriding database path with different value: C:\Users\ADMIN\.stmcufinder\plugins\mcufinder/ => C:\Users\ADMIN\.stmcufinder\plugins\mcufinder
2025-04-23 14:09:07,515 [INFO] DbMcusAds:125 - Set database path to: C:\Users\ADMIN\.stmcufinder\plugins\mcufinder//mcu/
2025-04-23 14:09:07,515 [WARN] DbFile:41 - Overriding database path with different value: C:\Users\ADMIN\.stmcufinder\plugins\mcufinder/ => C:\Users\ADMIN\.stmcufinder\plugins\mcufinder
2025-04-23 14:09:07,515 [WARN] DbFile:41 - Overriding database path with different value: C:\Users\ADMIN\.stmcufinder\plugins\mcufinder/ => C:\Users\ADMIN\.stmcufinder\plugins\mcufinder
2025-04-23 14:09:08,173 [INFO] CrossReferenceDbSqlite:203 - Set database path to: C:\Users\ADMIN\.stmcufinder\plugins\mcufinder//mcu/cs/
2025-04-23 14:09:08,254 [INFO] MainPanel:272 - HeapMemory: 268435456
2025-04-23 14:09:08,376 [INFO] DbMcusXml:78 - Set database path to: C:\ST\STM32CubeIDE_1.18.0\STM32CubeIDE\plugins\com.st.stm32cube.common.mx_6.14.0.202502271554\\db\/mcu/
2025-04-23 14:09:08,376 [INFO] ApiDb:274 - Set plugin database path to: C:\ST\STM32CubeIDE_1.18.0\STM32CubeIDE\plugins\com.st.stm32cube.common.mx_6.14.0.202502271554\\db\/plugins/boardmanager/
2025-04-23 14:09:08,376 [INFO] ApiDb:261 - Set plugin images path to: C:\ST\STM32CubeIDE_1.18.0\STM32CubeIDE\plugins\com.st.stm32cube.common.mx_6.14.0.202502271554\\db\/plugins/mcufinder/images/
2025-04-23 14:09:08,377 [WARN] DbFile:41 - Overriding database path with different value: C:\Users\ADMIN\.stmcufinder\plugins\mcufinder/ => C:\Users\ADMIN\.stmcufinder\plugins\mcufinder
2025-04-23 14:09:08,377 [INFO] ApiDb:250 - Set database path to: C:\Users\ADMIN\.stmcufinder\plugins\mcufinder//mcu/
2025-04-23 14:09:08,377 [WARN] DbFile:41 - Overriding database path with different value: C:\Users\ADMIN\.stmcufinder\plugins\mcufinder/ => C:\Users\ADMIN\.stmcufinder\plugins\mcufinder
2025-04-23 14:09:08,377 [INFO] DbMcusAds:125 - Set database path to: C:\Users\ADMIN\.stmcufinder\plugins\mcufinder//mcu/
2025-04-23 14:09:08,377 [WARN] DbFile:41 - Overriding database path with different value: C:\Users\ADMIN\.stmcufinder\plugins\mcufinder/ => C:\Users\ADMIN\.stmcufinder\plugins\mcufinder
2025-04-23 14:09:08,377 [WARN] DbFile:41 - Overriding database path with different value: C:\Users\ADMIN\.stmcufinder\plugins\mcufinder/ => C:\Users\ADMIN\.stmcufinder\plugins\mcufinder
2025-04-23 14:09:09,173 [INFO] CrossReferenceDbSqlite:203 - Set database path to: C:\Users\ADMIN\.stmcufinder\plugins\mcufinder//mcu/cs/
2025-04-23 14:09:09,193 [INFO] ApplicationProperties:184 - Using Application install path: C:\ST\STM32CubeIDE_1.18.0\STM32CubeIDE\plugins\com.st.stm32cube.common.mx_6.14.0.202502271554
2025-04-23 14:09:09,195 [INFO] PluginManage:196 - Search for loadable plugins [exclusion list=, ]
2025-04-23 14:09:09,196 [INFO] PluginManage:310 - Check plugin analytics
2025-04-23 14:09:10,250 [INFO] AnalyticsPlugin:253 - Accepted Software Licenses: 
2025-04-23 14:09:10,250 [INFO] AnalyticsPlugin:255 - Accepted CMSIS Pack Licenses: 
2025-04-23 14:09:10,250 [INFO] AnalyticsPlugin:257 - Accepted Firmware Licenses: FW.F4.1.28.0
2025-04-23 14:09:10,252 [INFO] PluginManage:359 - Loaded plugin analytics (category:tool,tabindex:-1)
2025-04-23 14:09:10,252 [INFO] PluginManage:310 - Check plugin cadmodel
2025-04-23 14:09:10,271 [INFO] CADModel:105 - Init CAD model plugin
2025-04-23 14:09:10,271 [INFO] PluginManage:359 - Loaded plugin cadmodel (category:power,tabindex:5)
2025-04-23 14:09:10,271 [INFO] PluginManage:310 - Check plugin clock
2025-04-23 14:09:10,294 [INFO] PluginManage:359 - Loaded plugin clock (category:base,tabindex:2)
2025-04-23 14:09:10,294 [INFO] PluginManage:310 - Check plugin ddr
2025-04-23 14:09:10,297 [INFO] PluginManage:359 - Loaded plugin ddr (category:tool,tabindex:6)
2025-04-23 14:09:10,297 [INFO] PluginManage:310 - Check plugin filemanager
2025-04-23 14:09:10,445 [INFO] PluginManage:359 - Loaded plugin filemanager (category:base,tabindex:10)
2025-04-23 14:09:10,445 [INFO] PluginManage:310 - Check plugin ipmanager
2025-04-23 14:09:10,453 [INFO] PluginManage:359 - Loaded plugin ipmanager (category:base,tabindex:5)
2025-04-23 14:09:10,453 [INFO] PluginManage:310 - Check plugin lpbam
2025-04-23 14:09:10,474 [INFO] PluginManage:359 - Loaded plugin lpbam (category:base,tabindex:0)
2025-04-23 14:09:10,475 [INFO] PluginManage:310 - Check plugin memorymap
2025-04-23 14:09:10,503 [INFO] PluginManage:359 - Loaded plugin memorymap (category:base,tabindex:4)
2025-04-23 14:09:10,503 [INFO] PluginManage:310 - Check plugin pinoutandconfiguration
2025-04-23 14:09:10,523 [INFO] PluginManage:359 - Loaded plugin pinoutandconfiguration (category:base,tabindex:1)
2025-04-23 14:09:10,524 [INFO] PluginManage:310 - Check plugin pinoutconfig
2025-04-23 14:09:10,616 [WARN] SupportedApi:132 - Cannot load RTOS API schema: s4s-elt-must-match.1: The content of 'definitions' must match (annotation?, (simpleType | complexType)?, (unique | key | keyref)*)). A problem was found starting at: attribute.
2025-04-23 14:09:10,774 [INFO] PluginManage:359 - Loaded plugin pinoutconfig (category:base,tabindex:0)
2025-04-23 14:09:10,774 [INFO] PluginManage:310 - Check plugin power
2025-04-23 14:09:10,807 [INFO] PluginManage:359 - Loaded plugin power (category:power,tabindex:4)
2025-04-23 14:09:10,807 [INFO] PluginManage:310 - Check plugin projectmanager
2025-04-23 14:09:10,829 [INFO] PluginManage:359 - Loaded plugin projectmanager (category:projectmanager,tabindex:4)
2025-04-23 14:09:10,829 [INFO] PluginManage:310 - Check plugin rif
2025-04-23 14:09:10,857 [INFO] PluginManage:359 - Loaded plugin rif (category:base,tabindex:3)
2025-04-23 14:09:10,857 [INFO] PluginManage:310 - Check plugin thirdparty
2025-04-23 14:09:11,212 [WARN] IntegrityCheckThread:84 - waiting for thirdparty lock release [integrity check]
2025-04-23 14:09:11,212 [INFO] PluginManage:359 - Loaded plugin thirdparty (category:base,tabindex:-1)
2025-04-23 14:09:11,212 [INFO] IntegrityCheckThread:86 - entering critical section [integrity check]
2025-04-23 14:09:11,212 [INFO] PluginManage:310 - Check plugin tools
2025-04-23 14:09:11,212 [INFO] ThirdPartyUpdaterWithRetryManager:70 - Updater plugin not ready yet. [1/15]
2025-04-23 14:09:11,265 [INFO] PluginManage:359 - Loaded plugin tools (category:base,tabindex:7)
2025-04-23 14:09:11,265 [INFO] PluginManage:310 - Check plugin tutovideos
2025-04-23 14:09:11,488 [INFO] PluginManage:359 - Loaded plugin tutovideos (category:base,tabindex:-1)
2025-04-23 14:09:11,488 [INFO] PluginManage:310 - Check plugin updater
2025-04-23 14:09:11,507 [INFO] PluginManage:359 - Loaded plugin updater (category:base,tabindex:12)
2025-04-23 14:09:11,507 [INFO] PluginManage:310 - Check plugin userauth
2025-04-23 14:09:11,512 [INFO] UserAuth:118 - Init User Auth plugin
2025-04-23 14:09:11,513 [INFO] PluginManage:359 - Loaded plugin userauth (category:base,tabindex:14)
2025-04-23 14:09:11,513 [INFO] PluginManage:283 - PluginManage : Loaded plugins [18]
2025-04-23 14:09:11,725 [INFO] PinOutPanel:1589 - setPackage(No Configuration,No Configuration)
2025-04-23 14:09:11,822 [INFO] CADModel:165 - CPN selected for project level
2025-04-23 14:09:11,822 [INFO] CADModel:114 - Register for checkConnection events
2025-04-23 14:09:11,857 [INFO] IPUIPlugin:80 - create IPUIPlugin
2025-04-23 14:09:11,857 [INFO] PluginManager:220 - loadIPPluginJar : add adc
2025-04-23 14:09:11,904 [INFO] IPUIPlugin:80 - create IPUIPlugin
2025-04-23 14:09:11,904 [INFO] PluginManager:220 - loadIPPluginJar : add aes
2025-04-23 14:09:11,962 [INFO] IPUIPlugin:80 - create IPUIPlugin
2025-04-23 14:09:11,963 [INFO] PluginManager:220 - loadIPPluginJar : add can
2025-04-23 14:09:11,995 [INFO] IPUIPlugin:80 - create IPUIPlugin
2025-04-23 14:09:11,995 [INFO] PluginManager:220 - loadIPPluginJar : add comp
2025-04-23 14:09:12,038 [INFO] IPUIPlugin:80 - create IPUIPlugin
2025-04-23 14:09:12,038 [INFO] PluginManager:220 - loadIPPluginJar : add cryp
2025-04-23 14:09:12,056 [INFO] IPUIPlugin:80 - create IPUIPlugin
2025-04-23 14:09:12,056 [INFO] PluginManager:220 - loadIPPluginJar : add ddr_ctrl_phy
2025-04-23 14:09:12,097 [INFO] IPUIPlugin:80 - create IPUIPlugin
2025-04-23 14:09:12,097 [INFO] PluginManager:220 - loadIPPluginJar : add dfsdm
2025-04-23 14:09:12,112 [INFO] IPUIPlugin:80 - create IPUIPlugin
2025-04-23 14:09:12,113 [INFO] PluginManager:220 - loadIPPluginJar : add dma
2025-04-23 14:09:12,166 [INFO] IPUIPlugin:80 - create IPUIPlugin
2025-04-23 14:09:12,166 [INFO] PluginManager:220 - loadIPPluginJar : add dma3
2025-04-23 14:09:12,225 [INFO] IPUIPlugin:80 - create IPUIPlugin
2025-04-23 14:09:12,225 [INFO] PluginManager:220 - loadIPPluginJar : add extmemmanager
2025-04-23 14:09:12,255 [INFO] IPUIPlugin:80 - create IPUIPlugin
2025-04-23 14:09:12,255 [INFO] PluginManager:220 - loadIPPluginJar : add fatfs
2025-04-23 14:09:12,317 [INFO] IPUIPlugin:80 - create IPUIPlugin
2025-04-23 14:09:12,317 [INFO] PluginManager:220 - loadIPPluginJar : add fmc
2025-04-23 14:09:12,336 [INFO] IPUIPlugin:80 - create IPUIPlugin
2025-04-23 14:09:12,336 [INFO] PluginManager:220 - loadIPPluginJar : add freertos
2025-04-23 14:09:12,363 [INFO] IPUIPlugin:80 - create IPUIPlugin
2025-04-23 14:09:12,364 [INFO] PluginManager:220 - loadIPPluginJar : add genericplugin
2025-04-23 14:09:12,485 [INFO] IPUIPlugin:80 - create IPUIPlugin
2025-04-23 14:09:12,485 [INFO] PluginManager:220 - loadIPPluginJar : add gfxmmu
2025-04-23 14:09:12,664 [INFO] IPUIPlugin:80 - create IPUIPlugin
2025-04-23 14:09:12,665 [INFO] PluginManager:220 - loadIPPluginJar : add gic
2025-04-23 14:09:12,680 [INFO] IPUIPlugin:80 - create IPUIPlugin
2025-04-23 14:09:12,680 [INFO] PluginManager:220 - loadIPPluginJar : add gpio
2025-04-23 14:09:12,792 [INFO] IPUIPlugin:80 - create IPUIPlugin
2025-04-23 14:09:12,792 [INFO] PluginManager:220 - loadIPPluginJar : add gtzc
2025-04-23 14:09:12,841 [INFO] IPUIPlugin:80 - create IPUIPlugin
2025-04-23 14:09:12,842 [INFO] PluginManager:220 - loadIPPluginJar : add hash
2025-04-23 14:09:12,914 [INFO] IPUIPlugin:80 - create IPUIPlugin
2025-04-23 14:09:12,915 [INFO] PluginManager:220 - loadIPPluginJar : add i2c
2025-04-23 14:09:12,971 [INFO] IPUIPlugin:80 - create IPUIPlugin
2025-04-23 14:09:12,971 [INFO] PluginManager:220 - loadIPPluginJar : add i2s
2025-04-23 14:09:13,021 [INFO] IPUIPlugin:80 - create IPUIPlugin
2025-04-23 14:09:13,021 [INFO] PluginManager:220 - loadIPPluginJar : add i3c
2025-04-23 14:09:13,139 [INFO] IPUIPlugin:80 - create IPUIPlugin
2025-04-23 14:09:13,139 [INFO] PluginManager:220 - loadIPPluginJar : add ipddr
2025-04-23 14:09:13,270 [INFO] IPUIPlugin:80 - create IPUIPlugin
2025-04-23 14:09:13,271 [INFO] PluginManager:220 - loadIPPluginJar : add linkedlist
2025-04-23 14:09:13,317 [INFO] IPUIPlugin:80 - create IPUIPlugin
2025-04-23 14:09:13,317 [INFO] PluginManager:220 - loadIPPluginJar : add lorawan
2025-04-23 14:09:13,366 [INFO] IPUIPlugin:80 - create IPUIPlugin
2025-04-23 14:09:13,366 [INFO] PluginManager:220 - loadIPPluginJar : add ltdc
2025-04-23 14:09:13,384 [INFO] IPUIPlugin:80 - create IPUIPlugin
2025-04-23 14:09:13,384 [INFO] PluginManager:220 - loadIPPluginJar : add mdma
2025-04-23 14:09:13,400 [INFO] IPUIPlugin:80 - create IPUIPlugin
2025-04-23 14:09:13,400 [INFO] PluginManager:220 - loadIPPluginJar : add nvic
2025-04-23 14:09:13,453 [INFO] IPUIPlugin:80 - create IPUIPlugin
2025-04-23 14:09:13,453 [INFO] PluginManager:220 - loadIPPluginJar : add opamp
2025-04-23 14:09:13,609 [INFO] IPUIPlugin:80 - create IPUIPlugin
2025-04-23 14:09:13,610 [INFO] PluginManager:220 - loadIPPluginJar : add openamp
2025-04-23 14:09:13,719 [INFO] IPUIPlugin:80 - create IPUIPlugin
2025-04-23 14:09:13,719 [INFO] PluginManager:220 - loadIPPluginJar : add pdm2pcm
2025-04-23 14:09:13,738 [INFO] IPUIPlugin:80 - create IPUIPlugin
2025-04-23 14:09:13,741 [INFO] PluginManager:220 - loadIPPluginJar : add plateformsettings
2025-04-23 14:09:13,777 [INFO] IPUIPlugin:80 - create IPUIPlugin
2025-04-23 14:09:13,778 [INFO] PluginManager:220 - loadIPPluginJar : add quadspi
2025-04-23 14:09:13,836 [INFO] IPUIPlugin:80 - create IPUIPlugin
2025-04-23 14:09:13,837 [INFO] PluginManager:220 - loadIPPluginJar : add radio
2025-04-23 14:09:13,861 [INFO] IPUIPlugin:80 - create IPUIPlugin
2025-04-23 14:09:13,861 [INFO] PluginManager:220 - loadIPPluginJar : add resmgrutility
2025-04-23 14:09:13,940 [INFO] IPUIPlugin:80 - create IPUIPlugin
2025-04-23 14:09:13,940 [INFO] PluginManager:220 - loadIPPluginJar : add sai
2025-04-23 14:09:14,031 [INFO] IPUIPlugin:80 - create IPUIPlugin
2025-04-23 14:09:14,031 [INFO] PluginManager:220 - loadIPPluginJar : add spi
2025-04-23 14:09:14,188 [INFO] IPUIPlugin:80 - create IPUIPlugin
2025-04-23 14:09:14,188 [INFO] PluginManager:220 - loadIPPluginJar : add stm32_wpan
2025-04-23 14:09:14,213 [INFO] ThirdPartyUpdaterWithRetryManager:70 - Updater plugin not ready yet. [2/15]
2025-04-23 14:09:14,239 [INFO] IPUIPlugin:80 - create IPUIPlugin
2025-04-23 14:09:14,240 [INFO] PluginManager:220 - loadIPPluginJar : add tim
2025-04-23 14:09:14,350 [INFO] IPUIPlugin:80 - create IPUIPlugin
2025-04-23 14:09:14,350 [INFO] PluginManager:220 - loadIPPluginJar : add touchsensing
2025-04-23 14:09:14,406 [INFO] IPUIPlugin:80 - create IPUIPlugin
2025-04-23 14:09:14,406 [INFO] PluginManager:220 - loadIPPluginJar : add tracer_emb
2025-04-23 14:09:14,462 [INFO] IPUIPlugin:80 - create IPUIPlugin
2025-04-23 14:09:14,463 [INFO] PluginManager:220 - loadIPPluginJar : add ts
2025-04-23 14:09:14,509 [INFO] IPUIPlugin:80 - create IPUIPlugin
2025-04-23 14:09:14,509 [INFO] PluginManager:220 - loadIPPluginJar : add tsc
2025-04-23 14:09:14,542 [INFO] IPUIPlugin:80 - create IPUIPlugin
2025-04-23 14:09:14,542 [INFO] PluginManager:220 - loadIPPluginJar : add ucpd
2025-04-23 14:09:14,634 [INFO] IPUIPlugin:80 - create IPUIPlugin
2025-04-23 14:09:14,634 [INFO] PluginManager:220 - loadIPPluginJar : add usart
2025-04-23 14:09:14,723 [INFO] IPUIPlugin:80 - create IPUIPlugin
2025-04-23 14:09:14,723 [INFO] PluginManager:220 - loadIPPluginJar : add usbx
2025-04-23 14:09:14,844 [FATAL] Updater:351 - Updater called before beeing initialized
2025-04-23 14:09:14,868 [INFO] RulesReader:64 - Compatibility file has been processed (301 Rules)
2025-04-23 14:09:14,878 [INFO] RulesReader:64 - Compatibility file has been processed (301 Rules)
2025-04-23 14:09:14,887 [INFO] CADModel:165 - CPN selected for project level
2025-04-23 14:09:14,887 [INFO] CADModel:114 - Register for checkConnection events
2025-04-23 14:09:14,888 [FATAL] Updater:351 - Updater called before beeing initialized
2025-04-23 14:09:14,888 [ERROR] CADModel:125 - Updater not yet initialized, retry later 
2025-04-23 14:09:15,042 [FATAL] Updater:351 - Updater called before beeing initialized
2025-04-23 14:09:15,045 [INFO] CADModel:165 - CPN selected for project level
2025-04-23 14:09:15,045 [INFO] CADModel:114 - Register for checkConnection events
2025-04-23 14:09:15,045 [FATAL] Updater:351 - Updater called before beeing initialized
2025-04-23 14:09:15,046 [ERROR] CADModel:125 - Updater not yet initialized, retry later 
2025-04-23 14:09:15,050 [FATAL] Updater:351 - Updater called before beeing initialized
2025-04-23 14:09:15,175 [FATAL] Updater:351 - Updater called before beeing initialized
2025-04-23 14:09:15,189 [INFO] DbMcusAds:53 - JSON generation date=Thu Mar 06 21:54:22 ICT 2025 (1741272862078)
2025-04-23 14:09:15,189 [FATAL] Updater:351 - Updater called before beeing initialized
2025-04-23 14:09:15,224 [WARN] DetailPanel:346 - Failed to get advertising image, set to default
2025-04-23 14:09:15,401 [FATAL] Updater:351 - Updater called before beeing initialized
2025-04-23 14:09:15,403 [FATAL] Updater:351 - Updater called before beeing initialized
2025-04-23 14:09:15,403 [FATAL] Updater:351 - Updater called before beeing initialized
2025-04-23 14:09:15,403 [WARN] DetailPanel:346 - Failed to get advertising image, set to default
2025-04-23 14:09:15,404 [FATAL] Updater:351 - Updater called before beeing initialized
2025-04-23 14:09:15,464 [ERROR] Updater:1198 - MainUpdater not yet initialized. External WinMGr cannot be set.
2025-04-23 14:09:15,475 [INFO] Updater:1134 - Updater Version found : 6.14.0
2025-04-23 14:09:15,495 [INFO] ApplicationProperties:184 - Using Application install path: C:\ST\STM32CubeIDE_1.18.0\STM32CubeIDE\plugins\com.st.stm32cube.common.mx_6.14.0.202502271554
2025-04-23 14:09:17,073 [ERROR] LogOutputStream:75 - [STDERR_REDIRECT] Apr 23, 2025 2:09:17 PM java.util.prefs.WindowsPreferences <init>
2025-04-23 14:09:17,074 [ERROR] LogOutputStream:75 - [STDERR_REDIRECT] WARNING: Could not open/create prefs root node Software\JavaSoft\Prefs at root 0xffffffff80000002. Windows RegCreateKeyEx(...) returned error code 5.
2025-04-23 14:09:17,074 [ERROR] LogOutputStream:75 - [STDERR_REDIRECT] 
2025-04-23 14:09:17,215 [INFO] ThirdPartyUpdaterWithRetryManager:70 - Updater plugin not ready yet. [3/15]
2025-04-23 14:09:17,434 [INFO] MainUpdater:2872 - connection check result : 10
2025-04-23 14:09:17,435 [INFO] MainUpdater:3566 - Updater definition file requires update
2025-04-23 14:09:17,436 [INFO] MainUpdater:289 - Updater Check For Update Now.
2025-04-23 14:09:17,436 [INFO] MicroXplorer:498 - Change Database Version : DB.6.0.140
2025-04-23 14:09:17,458 [INFO] McuFinderGlobals:63 - Set McuFinder mode to 2 (CubeIDE integrated)
2025-04-23 14:09:17,466 [INFO] UserAuth:486 - Internet connection configuration mode: 1
2025-04-23 14:09:17,496 [INFO] JxBrowserEngine:152 - Initiate JxBrowser Engine with user profile folder
2025-04-23 14:09:17,617 [INFO] ServerAccessManage:473 - Download File updaters.zip
2025-04-23 14:09:17,787 [INFO] FileExtend:242 - Unzip File : updaters.zip
2025-04-23 14:09:17,789 [INFO] FileExtend:257 - Standard Zip Deflate
2025-04-23 14:09:18,860 [INFO] ServerAccessManage:473 - Download File PacksControlFlags.xml
2025-04-23 14:09:18,864 [INFO] WebApp:169 - Instantiating new browser for Auth
2025-04-23 14:09:18,993 [INFO] ServerAccessManage:473 - Download File cubemx.pidx
2025-04-23 14:09:20,026 [INFO] WebApp:463 - Apply proxy settings
2025-04-23 14:09:20,026 [INFO] WebApp:548 - Chromium requires no authentication
2025-04-23 14:09:20,047 [INFO] WebApp:491 - Direct internet connection detected
2025-04-23 14:09:20,077 [INFO] ServerAccessManage:473 - Download File STMicroelectronics.X-CUBE-MEMS1.pdsc
2025-04-23 14:09:20,089 [INFO] WebApp:894 - Register for checkConnection events
2025-04-23 14:09:20,089 [INFO] WebApp:463 - Apply proxy settings
2025-04-23 14:09:20,089 [INFO] WebApp:548 - Chromium requires no authentication
2025-04-23 14:09:20,091 [INFO] WebApp:491 - Direct internet connection detected
2025-04-23 14:09:20,216 [WARN] MainUpdater:1193 - Updater busy. Cannot search thirdparties
2025-04-23 14:09:20,216 [INFO] ThirdPartyUpdaterWithRetryManager:96 - Updater plugin is busy. [1/15]
2025-04-23 14:09:20,328 [INFO] WebApp:225 - Starting web application
2025-04-23 14:09:20,329 [INFO] WebApp:593 - Web application path used C:\ST\STM32CubeIDE_1.18.0\STM32CubeIDE\plugins\com.st.stm32cube.common.mx_6.14.0.202502271554\db\plugins\mcufinder\reactClient1\index.html
2025-04-23 14:09:20,357 [INFO] WebApp:191 - Connection restablished
2025-04-23 14:09:20,480 [INFO] UserAuth:486 - Internet connection configuration mode: 1
2025-04-23 14:09:22,568 [INFO] ServerAccessManage:473 - Download File STMicroelectronics.X-CUBE-TOF1.pdsc
2025-04-23 14:09:23,219 [WARN] MainUpdater:1193 - Updater busy. Cannot search thirdparties
2025-04-23 14:09:23,219 [INFO] ThirdPartyUpdaterWithRetryManager:96 - Updater plugin is busy. [2/15]
2025-04-23 14:09:23,535 [ERROR] ServerAccessManage:1089 - Problem, file not found on Server
2025-04-23 14:09:24,163 [INFO] ServerAccessManage:473 - Download File STMicroelectronics.X-CUBE-WB05N.pdsc
2025-04-23 14:09:24,798 [INFO] ServerAccessManage:473 - Download File Avnet-IotConnect.X-CUBE-IoTC-DA16k-PMOD.pdsc
2025-04-23 14:09:25,023 [WARN] PackLoader:240 - Cannot read IP mode file for STMicroelectronics.X-CUBE-MEMS1.11.2.0
2025-04-23 14:09:25,080 [INFO] CheckServerUpdateThread:120 - End of CheckServer Thread
2025-04-23 14:09:25,210 [WARN] PackLoader:240 - Cannot read IP mode file for STMicroelectronics.X-CUBE-TOF1.3.4.3
2025-04-23 14:09:25,237 [WARN] PackLoader:240 - Cannot read IP mode file for STMicroelectronics.X-CUBE-WB05N.2.0.0
2025-04-23 14:09:25,246 [WARN] PackLoader:240 - Cannot read IP mode file for Avnet-IotConnect.X-CUBE-IoTC-DA16k-PMOD.1.0.0
2025-04-23 14:09:25,246 [INFO] PopulateThirdPartyThread:66 - Ending populate Thread
2025-04-23 14:09:25,249 [INFO] ThirdParty:1030 - CMSIS Pack Vendor :STMicroelectronics X-CUBE-TOF1 3.4.3
2025-04-23 14:09:25,250 [INFO] ThirdParty:1030 - CMSIS Pack Vendor :STMicroelectronics X-CUBE-MEMS1 11.2.0
2025-04-23 14:09:25,250 [INFO] ThirdParty:1030 - CMSIS Pack Vendor :STMicroelectronics X-CUBE-WB05N 2.0.0
2025-04-23 14:09:25,250 [INFO] ThirdParty:1030 - CMSIS Pack Vendor :Avnet-IotConnect X-CUBE-IoTC-DA16k-PMOD 1.0.0
2025-04-23 14:09:25,250 [INFO] LoadServerUpdatesThread:375 - End of LoadServerUpdate Thread
2025-04-23 14:09:26,539 [WARN] PackLoader:240 - Cannot read IP mode file for STMicroelectronics.FP-SNS-MOTENVWB1.1.4.0
2025-04-23 14:09:26,547 [WARN] PackLoader:240 - Cannot read IP mode file for STMicroelectronics.FP-ATR-ASTRA1.2.0.2
2025-04-23 14:09:26,570 [WARN] PackLoader:240 - Cannot read IP mode file for STMicroelectronics.X-CUBE-SMBUS.2.1.0
2025-04-23 14:09:26,594 [WARN] PackLoader:240 - Cannot read IP mode file for STMicroelectronics.X-CUBE-WB05N.1.1.0
2025-04-23 14:09:26,630 [WARN] PackLoader:240 - Cannot read IP mode file for STMicroelectronics.X-CUBE-AZRTOS-F7.1.1.0
2025-04-23 14:09:26,653 [WARN] PackLoader:240 - Cannot read IP mode file for STMicroelectronics.FP-SNS-FLIGHT1.5.0.2
2025-04-23 14:09:26,690 [WARN] PackLoader:240 - Cannot read IP mode file for Infineon.AIROC-Wi-Fi-Bluetooth-STM32.1.7.0
2025-04-23 14:09:26,714 [WARN] PackLoader:240 - Cannot read IP mode file for STMicroelectronics.X-CUBE-DISPLAY.3.0.0
2025-04-23 14:09:26,739 [WARN] PackLoader:240 - Cannot read IP mode file for STMicroelectronics.X-CUBE-NFC10.1.0.0
2025-04-23 14:09:26,760 [WARN] PackLoader:240 - Cannot read IP mode file for STMicroelectronics.X-CUBE-BLEMGR.4.0.0
2025-04-23 14:09:26,779 [WARN] PackLoader:240 - Cannot read IP mode file for emotas.I-CUBE-CANOPEN.1.3.0
2025-04-23 14:09:26,786 [WARN] ConditionMgr:438 - getConditionDescription Invalid condition id : Cortex-A Device cause : null
2025-04-23 14:09:26,816 [WARN] ConditionMgr:1044 - genDependencies : Invalid condition id : Cortex-A Device cause : null
2025-04-23 14:09:26,817 [WARN] ConditionMgr:1044 - genDependencies : Invalid condition id : Cortex-A Device cause : null
2025-04-23 14:09:26,817 [WARN] ConditionMgr:1044 - genDependencies : Invalid condition id : Cortex-A Device cause : null
2025-04-23 14:09:26,838 [WARN] PackLoader:240 - Cannot read IP mode file for STMicroelectronics.X-CUBE-AI.10.0.0
2025-04-23 14:09:26,855 [WARN] PackLoader:240 - Cannot read IP mode file for STMicroelectronics.FP-SNS-SMARTAG2.1.2.0
2025-04-23 14:09:26,861 [WARN] PackLoader:240 - Cannot read IP mode file for STMicroelectronics.FP-SNS-FLIGHT1.5.1.0
2025-04-23 14:09:26,917 [WARN] PackLoader:240 - Cannot read IP mode file for STMicroelectronics.X-CUBE-MEMS1.11.1.0
2025-04-23 14:09:27,026 [INFO] LogOutputStream:77 - [STDOUT_REDIRECT] 1 : Invalid condition id : UX_CORESTACK_Condition cause : null
2025-04-23 14:09:27,026 [INFO] LogOutputStream:77 - [STDOUT_REDIRECT] 1 : Invalid condition id : UX_CORESTACK_Condition cause : null
2025-04-23 14:09:27,027 [INFO] LogOutputStream:77 - [STDOUT_REDIRECT] 1 : Invalid condition id : UX_CORESTACK_Condition cause : null
2025-04-23 14:09:27,027 [INFO] LogOutputStream:77 - [STDOUT_REDIRECT] 1 : Invalid condition id : UX_CORESTACK_Condition cause : null
2025-04-23 14:09:27,029 [INFO] LogOutputStream:77 - [STDOUT_REDIRECT] 1 : Invalid condition id : UX_CORESTACK_Condition cause : null
2025-04-23 14:09:27,031 [WARN] PackLoader:240 - Cannot read IP mode file for STMicroelectronics.X-CUBE-AZRTOS-WL.2.0.0
2025-04-23 14:09:27,053 [WARN] PackLoader:240 - Cannot read IP mode file for STMicroelectronics.FP-SNS-MOTENV1.5.0.0
2025-04-23 14:09:27,081 [WARN] PackLoader:240 - Cannot read IP mode file for WES.I-CUBE-Cesium.1.3.0
2025-04-23 14:09:27,105 [WARN] PackLoader:240 - Cannot read IP mode file for STMicroelectronics.X-CUBE-BLE2.3.3.0
2025-04-23 14:09:27,128 [WARN] PackLoader:240 - Cannot read IP mode file for STMicroelectronics.X-CUBE-NFC9.1.0.0
2025-04-23 14:09:27,161 [WARN] PackLoader:240 - Cannot read IP mode file for STMicroelectronics.X-CUBE-BLE1.7.1.0
2025-04-23 14:09:27,175 [WARN] PackLoader:240 - Cannot read IP mode file for wolfSSL.I-CUBE-wolfMQTT.1.19.2
2025-04-23 14:09:27,233 [WARN] PackLoader:240 - Cannot read IP mode file for STMicroelectronics.X-CUBE-MEMS1.11.2.0
2025-04-23 14:09:27,413 [WARN] PackLoader:240 - Cannot read IP mode file for STMicroelectronics.X-CUBE-AZRTOS-G0.1.1.0
2025-04-23 14:09:27,440 [WARN] PackLoader:240 - Cannot read IP mode file for STMicroelectronics.X-CUBE-SAFEA1.1.2.2
2025-04-23 14:09:27,462 [WARN] PackLoader:240 - Cannot read IP mode file for STMicroelectronics.X-CUBE-NFC4.3.0.0
2025-04-23 14:09:27,485 [WARN] PackLoader:240 - Cannot read IP mode file for EmbeddedOffice.I-CUBE-FS-RTOS.1.0.1
2025-04-23 14:09:27,490 [WARN] PackLoader:240 - Cannot read IP mode file for STMicroelectronics.X-CUBE-WB05N.2.0.0
2025-04-23 14:09:27,497 [WARN] PackLoader:240 - Cannot read IP mode file for wolfSSL.I-CUBE-wolfTPM.3.8.0
2025-04-23 14:09:27,513 [WARN] PackLoader:240 - Cannot read IP mode file for STMicroelectronics.X-CUBE-TCPP.4.2.0
2025-04-23 14:09:27,535 [WARN] PackLoader:240 - Cannot read IP mode file for RealThread.X-CUBE-RT-Thread_Nano.4.1.1
2025-04-23 14:09:27,541 [WARN] PackLoader:240 - Cannot read IP mode file for STMicroelectronics.FP-ATR-SIGFOX1.3.2.0
2025-04-23 14:09:27,558 [WARN] PackLoader:240 - Cannot read IP mode file for STMicroelectronics.X-CUBE-EEPRMA1.5.1.0
2025-04-23 14:09:27,578 [WARN] PackLoader:240 - Cannot read IP mode file for wolfSSL.I-CUBE-wolfSSL.5.7.6
2025-04-23 14:09:27,601 [WARN] PackLoader:240 - Cannot read IP mode file for ITTIA_DB.I-CUBE-ITTIADB.8.9.0
2025-04-23 14:09:27,640 [WARN] PackLoader:240 - Cannot read IP mode file for SEGGER.I-CUBE-embOS.1.3.1
2025-04-23 14:09:27,680 [WARN] PackLoader:240 - Cannot read IP mode file for STMicroelectronics.X-CUBE-ALGOBUILD.1.4.0
2025-04-23 14:09:27,718 [WARN] PackLoader:240 - Cannot read IP mode file for STMicroelectronics.X-CUBE-AZRTOS-F4.1.1.0
2025-04-23 14:09:27,724 [WARN] PackLoader:240 - Cannot read IP mode file for Avnet-IotConnect.X-CUBE-IoTC-DA16k-PMOD.1.0.0
2025-04-23 14:09:27,745 [WARN] PackLoader:240 - Cannot read IP mode file for STMicroelectronics.X-CUBE-ISPU.2.1.0
2025-04-23 14:09:27,780 [WARN] PackLoader:240 - Cannot read IP mode file for STMicroelectronics.X-CUBE-AZRTOS-L5.2.0.0
2025-04-23 14:09:27,805 [WARN] PackLoader:240 - Cannot read IP mode file for STMicroelectronics.X-CUBE-NFC6.3.1.0
2025-04-23 14:09:27,827 [WARN] PackLoader:240 - Cannot read IP mode file for STMicroelectronics.X-CUBE-DPower.1.2.0
2025-04-23 14:09:27,847 [WARN] PackLoader:240 - Cannot read IP mode file for STMicroelectronics.X-CUBE-FREERTOS.1.3.0
2025-04-23 14:09:27,868 [WARN] PackLoader:240 - Cannot read IP mode file for STMicroelectronics.X-CUBE-NFC7.1.0.1
2025-04-23 14:09:27,885 [WARN] PackLoader:240 - Cannot read IP mode file for STMicroelectronics.X-CUBE-DPower.1.3.0
2025-04-23 14:09:27,919 [WARN] ConditionMgr:438 - getConditionDescription Invalid condition id : LAN8742 Phy interface Condition cause : null
2025-04-23 14:09:27,920 [WARN] PackLoader:240 - Cannot read IP mode file for STMicroelectronics.X-CUBE-AZRTOS-L4.2.0.0
2025-04-23 14:09:27,922 [WARN] ConditionMgr:1044 - genDependencies : Invalid condition id : LAN8742 Phy interface Condition cause : null
2025-04-23 14:09:27,922 [WARN] ConditionMgr:1044 - genDependencies : Invalid condition id : LAN8742 Phy interface Condition cause : null
2025-04-23 14:09:27,923 [WARN] ConditionMgr:1044 - genDependencies : Invalid condition id : LAN8742 Phy interface Condition cause : null
2025-04-23 14:09:27,943 [WARN] PackLoader:240 - Cannot read IP mode file for STMicroelectronics.X-CUBE-SFXS2LP1.4.0.0
2025-04-23 14:09:27,982 [WARN] PackLoader:240 - Cannot read IP mode file for STMicroelectronics.X-CUBE-AZRTOS-H7.3.3.0
2025-04-23 14:09:28,015 [WARN] ConditionMgr:438 - getConditionDescription Invalid condition id : UX DEVICE CLASS RTOS Condition cause : null
2025-04-23 14:09:28,015 [WARN] ConditionMgr:438 - getConditionDescription Invalid condition id : UX DEVICE CLASS RTOS Condition cause : null
2025-04-23 14:09:28,016 [WARN] PackLoader:240 - Cannot read IP mode file for STMicroelectronics.X-CUBE-AZRTOS-WB.2.0.0
2025-04-23 14:09:28,016 [WARN] ConditionMgr:1044 - genDependencies : Invalid condition id : UX DEVICE CLASS RTOS Condition cause : null
2025-04-23 14:09:28,017 [WARN] ConditionMgr:1044 - genDependencies : Invalid condition id : UX DEVICE CLASS RTOS Condition cause : null
2025-04-23 14:09:28,017 [WARN] ConditionMgr:1044 - genDependencies : Invalid condition id : UX DEVICE CLASS RTOS Condition cause : null
2025-04-23 14:09:28,017 [WARN] ConditionMgr:1044 - genDependencies : Invalid condition id : UX DEVICE CLASS RTOS Condition cause : null
2025-04-23 14:09:28,017 [WARN] ConditionMgr:1044 - genDependencies : Invalid condition id : UX DEVICE CLASS RTOS Condition cause : null
2025-04-23 14:09:28,037 [WARN] PackLoader:240 - Cannot read IP mode file for STMicroelectronics.X-CUBE-GNSS1.7.0.1
2025-04-23 14:09:28,057 [WARN] PackLoader:240 - Cannot read IP mode file for STMicroelectronics.X-CUBE-TOUCHGFX.4.25.0
2025-04-23 14:09:28,075 [WARN] PackLoader:240 - Cannot read IP mode file for STMicroelectronics.FP-SNS-STBOX1.2.0.0
2025-04-23 14:09:28,099 [WARN] PackLoader:240 - Cannot read IP mode file for STMicroelectronics.X-CUBE-SUBG2.5.0.0
2025-04-23 14:09:28,137 [WARN] PackLoader:240 - Cannot read IP mode file for STMicroelectronics.X-CUBE-AZRTOS-H7RS.1.1.0
2025-04-23 14:09:28,146 [WARN] PackLoader:240 - Cannot read IP mode file for Cesanta.I-CUBE-Mongoose.7.13.0
2025-04-23 14:09:28,175 [WARN] PackLoader:240 - Cannot read IP mode file for STMicroelectronics.X-CUBE-AZRTOS-G4.2.0.0
2025-04-23 14:09:28,181 [WARN] PackLoader:240 - Cannot read IP mode file for wolfSSL.I-CUBE-wolfSSH.1.4.20
2025-04-23 14:09:28,204 [WARN] PackLoader:240 - Cannot read IP mode file for STMicroelectronics.X-CUBE-IPS.3.1.0
2025-04-23 14:09:28,224 [WARN] PackLoader:240 - Cannot read IP mode file for STMicroelectronics.X-CUBE-ALS.1.0.2
2025-04-23 14:09:28,249 [WARN] PackLoader:240 - Cannot read IP mode file for portGmbH.I-Cube-SoM-uGOAL.1.1.0
2025-04-23 14:09:28,282 [WARN] PackLoader:240 - Cannot read IP mode file for STMicroelectronics.X-CUBE-AZRTOS-H7RS.1.0.0
2025-04-23 14:09:28,309 [WARN] PackLoader:240 - Cannot read IP mode file for STMicroelectronics.X-CUBE-TOF1.3.4.2
2025-04-23 14:09:28,322 [WARN] PackLoader:240 - Cannot read IP mode file for STMicroelectronics.X-CUBE-TOF1.3.4.3
2025-04-23 14:09:28,329 [INFO] ThirdParty:978 - Integrity check success = true
2025-04-23 14:09:28,329 [INFO] IntegrityCheckThread:100 - exiting critical section [integrity check]
2025-04-23 14:09:28,329 [INFO] IntegrityCheckThread:103 - End integrity checks thread
2025-04-23 17:25:35,413 [ERROR] LogOutputStream:75 - [STDERR_REDIRECT] 
